Compiler Command: aoc kernel.cl

!===========================================================================
! The report below may be inaccurate. A more comprehensive           
! resource usage report can be found at kernel/reports/report.html    
!===========================================================================

+--------------------------------------------------------------------+
; Estimated Resource Usage Summary                                   ;
+----------------------------------------+---------------------------+
; Resource                               + Usage                     ;
+----------------------------------------+---------------------------+
; Logic utilization                      ;   16%                     ;
; ALUTs                                  ;   10%                     ;
; Dedicated logic registers              ;    7%                     ;
; Memory blocks                          ;   18%                     ;
; DSP blocks                             ;    0%                     ;
+----------------------------------------+---------------------------;
System name: kernel

2018.06.08.22:34:55 Info: Doing: <b>qsys-script --quartus-project=top --script=system.tcl --Xmx512M --XX:+UseSerialGC --system-file=system.qsys</b>
2018.06.08.22:35:39 Info: set_validation_property AUTOMATIC_VALIDATION false
2018.06.08.22:35:39 Info: add_instance kernel_system kernel_system 
2018.06.08.22:35:39 Info: add_connection acl_iface.kernel_clk kernel_system.clock_reset
2018.06.08.22:35:39 Info: add_connection acl_iface.kernel_clk2x kernel_system.clock_reset2x
2018.06.08.22:35:39 Info: add_connection acl_iface.kernel_reset kernel_system.clock_reset_reset
2018.06.08.22:35:39 Info: add_connection kernel_system.avm_mem_gmem0_port_0_0_rw acl_iface.kernel_mem0
2018.06.08.22:35:39 Info: add_connection kernel_system.avm_mem_gmem0_port_1_0_rw acl_iface.kernel_mem1
2018.06.08.22:35:39 Info: add_connection acl_iface.kernel_irq kernel_system.kernel_irq
2018.06.08.22:35:39 Info: add_instance cra_root cra_ring_root 
2018.06.08.22:35:39 Info: set_instance_parameter_value cra_root ASYNC_RESET 1
2018.06.08.22:35:39 Info: set_instance_parameter_value cra_root SYNCHRONIZE_RESET 0
2018.06.08.22:35:39 Info: set_instance_parameter_value cra_root DATA_W 64
2018.06.08.22:35:39 Info: set_instance_parameter_value cra_root ADDR_W 4
2018.06.08.22:35:39 Info: set_instance_parameter_value cra_root ID_W 0
2018.06.08.22:35:39 Info: add_connection acl_iface.kernel_clk cra_root.clock
2018.06.08.22:35:39 Info: add_connection acl_iface.kernel_reset cra_root.reset
2018.06.08.22:35:39 Info: add_connection acl_iface.kernel_cra cra_root.cra_slave
2018.06.08.22:35:39 Info: set_connection_parameter_value acl_iface.kernel_cra/cra_root.cra_slave baseAddress 0x0
2018.06.08.22:35:39 Info: add_instance avs_global_id_cra_cra_ring cra_ring_node 
2018.06.08.22:35:39 Info: set_instance_parameter_value avs_global_id_cra_cra_ring ASYNC_RESET 1
2018.06.08.22:35:39 Info: set_instance_parameter_value avs_global_id_cra_cra_ring SYNCHRONIZE_RESET 0
2018.06.08.22:35:39 Info: set_instance_parameter_value avs_global_id_cra_cra_ring DATA_W 64
2018.06.08.22:35:39 Info: set_instance_parameter_value avs_global_id_cra_cra_ring RING_ADDR_W 4
2018.06.08.22:35:39 Info: set_instance_parameter_value avs_global_id_cra_cra_ring CRA_ADDR_W 4
2018.06.08.22:35:39 Info: set_instance_parameter_value avs_global_id_cra_cra_ring ID_W 0
2018.06.08.22:35:39 Info: set_instance_parameter_value avs_global_id_cra_cra_ring ID 0
2018.06.08.22:35:39 Info: add_connection acl_iface.kernel_clk avs_global_id_cra_cra_ring.clock
2018.06.08.22:35:39 Info: add_connection acl_iface.kernel_reset avs_global_id_cra_cra_ring.reset
2018.06.08.22:35:39 Info: add_connection cra_root.ring_out avs_global_id_cra_cra_ring.ring_in
2018.06.08.22:35:39 Info: add_connection avs_global_id_cra_cra_ring.cra_master kernel_system.avs_global_id_cra
2018.06.08.22:35:39 Info: set_connection_parameter_value avs_global_id_cra_cra_ring.cra_master/kernel_system.avs_global_id_cra baseAddress 0x0
2018.06.08.22:35:39 Info: add_connection avs_global_id_cra_cra_ring.ring_out cra_root.ring_in
2018.06.08.22:35:39 Info: save_system 
2018.06.08.22:35:41 Info: 
********************************************************************************************************************

Use qsys-generate for a simpler command-line interface for generating IP.

Run ip-generate with switch --remove-qsys-generate-warning to prevent this notice from appearing in subsequent runs.

********************************************************************************************************************
2018.06.08.22:35:45 Progress: Loading kernel/system.qsys
2018.06.08.22:35:46 Progress: Reading input file
2018.06.08.22:35:46 Progress: Adding acl_iface [acl_iface_system 1.0]
2018.06.08.22:35:46 Progress: Reading input file
2018.06.08.22:35:46 Progress: Adding global_reset [altera_reset_bridge 14.1]
2018.06.08.22:35:47 Warning: global_reset: Used altera_reset_bridge 18.0 (instead of 14.1)
2018.06.08.22:35:47 Progress: Parameterizing module global_reset
2018.06.08.22:35:47 Progress: Adding config_clk [altera_clock_bridge 14.1]
2018.06.08.22:35:47 Warning: config_clk: Used altera_clock_bridge 18.0 (instead of 14.1)
2018.06.08.22:35:47 Progress: Parameterizing module config_clk
2018.06.08.22:35:47 Progress: Adding acl_kernel_clk [acl_kernel_clk_noreconfig 1.0]
2018.06.08.22:35:47 Progress: Reading input file
2018.06.08.22:35:47 Warning: Invalid device family name in input file: Stratix V
2018.06.08.22:35:47 Progress: Adding kernel_clk [clock_source 13.1]
2018.06.08.22:35:47 Warning: kernel_clk: Used clock_source 18.0 (instead of 13.1)
2018.06.08.22:35:47 Progress: Parameterizing module kernel_clk
2018.06.08.22:35:47 Progress: Adding kernel_pll [altera_pll 13.1]
2018.06.08.22:35:48 Warning: kernel_pll: Used altera_pll 18.0 (instead of 13.1)
2018.06.08.22:35:48 Progress: Parameterizing module kernel_pll
2018.06.08.22:35:48 Progress: Adding pll_reconfig_0 [altera_pll_reconfig 13.1]
2018.06.08.22:35:49 Warning: pll_reconfig_0: Used altera_pll_reconfig 18.0 (instead of 13.1)
2018.06.08.22:35:49 Progress: Parameterizing module pll_reconfig_0
2018.06.08.22:35:49 Progress: Adding counter [acl_timer 10.0]
2018.06.08.22:35:49 Progress: Parameterizing module counter
2018.06.08.22:35:49 Progress: Adding global_routing_kernel_clk [global_routing_clk 10.0]
2018.06.08.22:35:49 Progress: Parameterizing module global_routing_kernel_clk
2018.06.08.22:35:49 Progress: Adding global_routing_kernel_clk2x [global_routing_clk 10.0]
2018.06.08.22:35:49 Progress: Parameterizing module global_routing_kernel_clk2x
2018.06.08.22:35:49 Progress: Adding kernel_pll_refclk [altera_clock_bridge 13.1]
2018.06.08.22:35:49 Warning: kernel_pll_refclk: Used altera_clock_bridge 18.0 (instead of 13.1)
2018.06.08.22:35:49 Progress: Parameterizing module kernel_pll_refclk
2018.06.08.22:35:49 Progress: Adding ctrl [altera_avalon_mm_bridge 13.1]
2018.06.08.22:35:49 Warning: ctrl: Used altera_avalon_mm_bridge 18.0 (instead of 13.1)
2018.06.08.22:35:49 Progress: Parameterizing module ctrl
2018.06.08.22:35:49 Progress: Adding pll_sw_reset [sw_reset 10.0]
2018.06.08.22:35:49 Progress: Parameterizing module pll_sw_reset
2018.06.08.22:35:49 Progress: Adding pll_lock_avs_0 [pll_lock_avs 10.0]
2018.06.08.22:35:49 Progress: Parameterizing module pll_lock_avs_0
2018.06.08.22:35:49 Progress: Adding clk [clock_source 13.1]
2018.06.08.22:35:49 Warning: clk: Used clock_source 18.0 (instead of 13.1)
2018.06.08.22:35:49 Progress: Parameterizing module clk
2018.06.08.22:35:49 Progress: Adding version_id_0 [version_id 10.0]
2018.06.08.22:35:49 Progress: Parameterizing module version_id_0
2018.06.08.22:35:49 Progress: Adding pll_rom [altera_avalon_onchip_memory2 13.1]
2018.06.08.22:35:49 Warning: pll_rom: Used altera_avalon_onchip_memory2 18.0 (instead of 13.1)
2018.06.08.22:35:49 Progress: Parameterizing module pll_rom
2018.06.08.22:35:49 Progress: Building connections
2018.06.08.22:35:49 Progress: Parameterizing connections
2018.06.08.22:35:49 Progress: Validating
2018.06.08.22:35:52 Progress: Done reading input file
2018.06.08.22:35:52 Progress: Parameterizing module acl_kernel_clk
2018.06.08.22:35:52 Progress: Adding clock_cross_kernel_mem0 [altera_avalon_mm_clock_crossing_bridge 14.1]
2018.06.08.22:35:52 Warning: clock_cross_kernel_mem0: Used altera_avalon_mm_clock_crossing_bridge 18.0 (instead of 14.1)
2018.06.08.22:35:52 Progress: Parameterizing module clock_cross_kernel_mem0
2018.06.08.22:35:52 Progress: Adding kernel_clk [clock_source 14.1]
2018.06.08.22:35:52 Warning: kernel_clk: Used clock_source 18.0 (instead of 14.1)
2018.06.08.22:35:52 Progress: Parameterizing module kernel_clk
2018.06.08.22:35:52 Progress: Adding acl_memory_bank_divider [acl_memory_bank_divider 1.0]
2018.06.08.22:35:52 Warning: acl_memory_bank_divider: add_instance: Component clock_source version 12.1 is not installed - loaded latest installed version 18.0 instead.  Please check for parameter mismatches 
2018.06.08.22:35:52 Warning: acl_memory_bank_divider: add_instance: Component clock_source version 12.1 is not installed - loaded latest installed version 18.0 instead.  Please check for parameter mismatches 
2018.06.08.22:35:52 Progress: Parameterizing module acl_memory_bank_divider
2018.06.08.22:35:52 Progress: Adding clock_bridge [altera_clock_bridge 14.1]
2018.06.08.22:35:52 Warning: clock_bridge: Used altera_clock_bridge 18.0 (instead of 14.1)
2018.06.08.22:35:52 Progress: Parameterizing module clock_bridge
2018.06.08.22:35:52 Progress: Adding clock_cross_kernel_mem1 [altera_avalon_mm_clock_crossing_bridge 14.1]
2018.06.08.22:35:52 Warning: clock_cross_kernel_mem1: Used altera_avalon_mm_clock_crossing_bridge 18.0 (instead of 14.1)
2018.06.08.22:35:52 Progress: Parameterizing module clock_cross_kernel_mem1
2018.06.08.22:35:52 Progress: Adding version_id [version_id 10.0]
2018.06.08.22:35:52 Progress: Parameterizing module version_id
2018.06.08.22:35:52 Progress: Adding fpga_sdram [altera_mem_if_ddr3_emif 14.1]
2018.06.08.22:35:53 Warning: fpga_sdram: Used altera_mem_if_ddr3_emif 18.0 (instead of 14.1)
2018.06.08.22:35:53 Progress: Parameterizing module fpga_sdram
2018.06.08.22:35:53 Progress: Adding hps [altera_hps 14.1]
2018.06.08.22:35:54 Warning: hps: Used altera_hps 18.0 (instead of 14.1)
2018.06.08.22:35:54 Progress: Parameterizing module hps
2018.06.08.22:35:54 Progress: Adding kernel_interface [acl_kernel_interface_soc 1.0]
2018.06.08.22:35:54 Progress: Reading input file
2018.06.08.22:35:54 Progress: Adding sys_description_rom [altera_avalon_onchip_memory2 14.0]
2018.06.08.22:35:54 Warning: sys_description_rom: Used altera_avalon_onchip_memory2 18.0 (instead of 14.0)
2018.06.08.22:35:54 Progress: Parameterizing module sys_description_rom
2018.06.08.22:35:54 Progress: Adding kernel_cra [altera_avalon_mm_bridge 14.0]
2018.06.08.22:35:54 Warning: kernel_cra: Used altera_avalon_mm_bridge 18.0 (instead of 14.0)
2018.06.08.22:35:54 Progress: Parameterizing module kernel_cra
2018.06.08.22:35:54 Progress: Adding address_span_extender_0 [altera_address_span_extender 1.2]
2018.06.08.22:35:54 Warning: address_span_extender_0: Used altera_address_span_extender 18.0 (instead of 1.2)
2018.06.08.22:35:54 Progress: Parameterizing module address_span_extender_0
2018.06.08.22:35:54 Info: address_span_extender_0: Upgrade from altera_address_span_extender v1.2. Removing parameter AUTO_CLOCK_CLOCK_RATE
2018.06.08.22:35:54 Info: address_span_extender_0: Upgrade from altera_address_span_extender v1.2. Removing parameter AUTO_DEVICE_FAMILY
2018.06.08.22:35:54 Info: address_span_extender_0: Upgrade from altera_address_span_extender v1.2 TERMINATE_SLAVE_PORT(false) -> ENABLE_SLAVE_PORT(true).
2018.06.08.22:35:54 Progress: Adding sw_reset [sw_reset 10.0]
2018.06.08.22:35:54 Progress: Parameterizing module sw_reset
2018.06.08.22:35:54 Progress: Adding kernel_cntrl [altera_avalon_mm_bridge 14.0]
2018.06.08.22:35:54 Warning: kernel_cntrl: Used altera_avalon_mm_bridge 18.0 (instead of 14.0)
2018.06.08.22:35:54 Progress: Parameterizing module kernel_cntrl
2018.06.08.22:35:54 Progress: Adding mem_org_mode [mem_org_mode 10.0]
2018.06.08.22:35:55 Progress: Parameterizing module mem_org_mode
2018.06.08.22:35:55 Progress: Adding clk_reset [clock_source 14.0]
2018.06.08.22:35:55 Warning: clk_reset: Used clock_source 18.0 (instead of 14.0)
2018.06.08.22:35:55 Progress: Parameterizing module clk_reset
2018.06.08.22:35:55 Progress: Adding irq_bridge_0 [altera_irq_bridge 14.0]
2018.06.08.22:35:55 Warning: irq_bridge_0: Used altera_irq_bridge 18.0 (instead of 14.0)
2018.06.08.22:35:55 Progress: Parameterizing module irq_bridge_0
2018.06.08.22:35:55 Progress: Adding sw_reset_in [altera_reset_bridge 14.0]
2018.06.08.22:35:55 Warning: sw_reset_in: Used altera_reset_bridge 18.0 (instead of 14.0)
2018.06.08.22:35:55 Progress: Parameterizing module sw_reset_in
2018.06.08.22:35:55 Progress: Adding version_id_0 [version_id 10.0]
2018.06.08.22:35:55 Progress: Parameterizing module version_id_0
2018.06.08.22:35:55 Progress: Adding reset_controller_sw [altera_reset_controller 14.0]
2018.06.08.22:35:55 Warning: reset_controller_sw: Used altera_reset_controller 18.0 (instead of 14.0)
2018.06.08.22:35:55 Progress: Parameterizing module reset_controller_sw
2018.06.08.22:35:55 Progress: Adding kernel_clk [altera_clock_bridge 14.0]
2018.06.08.22:35:55 Warning: kernel_clk: Used altera_clock_bridge 18.0 (instead of 14.0)
2018.06.08.22:35:55 Progress: Parameterizing module kernel_clk
2018.06.08.22:35:55 Progress: Adding reset_bridge_0 [altera_reset_bridge 14.0]
2018.06.08.22:35:55 Warning: reset_bridge_0: Used altera_reset_bridge 18.0 (instead of 14.0)
2018.06.08.22:35:55 Progress: Parameterizing module reset_bridge_0
2018.06.08.22:35:55 Progress: Adding reset_bridge_1 [altera_reset_bridge 14.0]
2018.06.08.22:35:55 Warning: reset_bridge_1: Used altera_reset_bridge 18.0 (instead of 14.0)
2018.06.08.22:35:55 Progress: Parameterizing module reset_bridge_1
2018.06.08.22:35:55 Progress: Adding irq_ena_0 [acl_irq_ena 13.0]
2018.06.08.22:35:56 Progress: Parameterizing module irq_ena_0
2018.06.08.22:35:56 Progress: Building connections
2018.06.08.22:35:56 Progress: Parameterizing connections
2018.06.08.22:35:56 Progress: Validating
2018.06.08.22:35:56 Progress: Done reading input file
2018.06.08.22:35:56 Progress: Parameterizing module kernel_interface
2018.06.08.22:35:56 Progress: Adding pll [altera_pll 14.1]
2018.06.08.22:35:56 Warning: pll: Used altera_pll 18.0 (instead of 14.1)
2018.06.08.22:35:56 Progress: Parameterizing module pll
2018.06.08.22:35:56 Progress: Adding clock_cross_axi_fpga [altera_avalon_mm_clock_crossing_bridge 14.1]
2018.06.08.22:35:56 Warning: clock_cross_axi_fpga: Used altera_avalon_mm_clock_crossing_bridge 18.0 (instead of 14.1)
2018.06.08.22:35:56 Progress: Parameterizing module clock_cross_axi_fpga
2018.06.08.22:35:56 Progress: Adding address_span_extender_kernel [altera_address_span_extender 14.1]
2018.06.08.22:35:56 Warning: address_span_extender_kernel: Used altera_address_span_extender 18.0 (instead of 14.1)
2018.06.08.22:35:56 Progress: Parameterizing module address_span_extender_kernel
2018.06.08.22:35:56 Info: address_span_extender_kernel: Upgrade from altera_address_span_extender v14.1. Removing parameter AUTO_CLOCK_CLOCK_RATE
2018.06.08.22:35:56 Info: address_span_extender_kernel: Upgrade from altera_address_span_extender v14.1. Removing parameter AUTO_DEVICE_FAMILY
2018.06.08.22:35:56 Info: address_span_extender_kernel: Upgrade from altera_address_span_extender v14.1 TERMINATE_SLAVE_PORT(true) -> ENABLE_SLAVE_PORT(false).
2018.06.08.22:35:56 Progress: Adding address_span_extender_axi [altera_address_span_extender 14.1]
2018.06.08.22:35:56 Warning: address_span_extender_axi: Used altera_address_span_extender 18.0 (instead of 14.1)
2018.06.08.22:35:56 Progress: Parameterizing module address_span_extender_axi
2018.06.08.22:35:56 Info: address_span_extender_axi: Upgrade from altera_address_span_extender v14.1. Removing parameter AUTO_CLOCK_CLOCK_RATE
2018.06.08.22:35:56 Info: address_span_extender_axi: Upgrade from altera_address_span_extender v14.1. Removing parameter AUTO_DEVICE_FAMILY
2018.06.08.22:35:56 Info: address_span_extender_axi: Upgrade from altera_address_span_extender v14.1 TERMINATE_SLAVE_PORT(false) -> ENABLE_SLAVE_PORT(true).
2018.06.08.22:35:56 Progress: Adding mm_bridge_0 [altera_avalon_mm_bridge 14.1]
2018.06.08.22:35:56 Warning: mm_bridge_0: Used altera_avalon_mm_bridge 18.0 (instead of 14.1)
2018.06.08.22:35:56 Progress: Parameterizing module mm_bridge_0
2018.06.08.22:35:56 Progress: Building connections
2018.06.08.22:35:56 Progress: Parameterizing connections
2018.06.08.22:35:56 Progress: Validating
2018.06.08.22:36:12 Progress: Done reading input file
2018.06.08.22:36:16 Progress: Parameterizing module acl_iface
2018.06.08.22:36:16 Progress: Adding avs_global_id_cra_cra_ring [cra_ring_node 1.0]
2018.06.08.22:36:16 Progress: Parameterizing module avs_global_id_cra_cra_ring
2018.06.08.22:36:16 Progress: Adding cra_root [cra_ring_root 1.0]
2018.06.08.22:36:16 Progress: Parameterizing module cra_root
2018.06.08.22:36:16 Progress: Adding ext_clk_50 [clock_source 18.0]
2018.06.08.22:36:16 Progress: Parameterizing module ext_clk_50
2018.06.08.22:36:16 Progress: Adding kernel_system [kernel_system 14.0]
2018.06.08.22:36:16 Progress: Parameterizing module kernel_system
2018.06.08.22:36:16 Progress: Building connections
2018.06.08.22:36:16 Progress: Parameterizing connections
2018.06.08.22:36:16 Progress: Validating
2018.06.08.22:36:18 Progress: Done reading input file
2018.06.08.22:36:24 Warning: system.acl_iface.acl_kernel_clk.kernel_clk: The input clock frequency must be known or set by the parent if this is a subsystem.
2018.06.08.22:36:24 Info: system.acl_iface.acl_kernel_clk.kernel_pll: The legal reference clock frequency is 50.0 MHz..650.0 MHz
2018.06.08.22:36:24 Info: system.acl_iface.acl_kernel_clk.kernel_pll: Able to implement PLL with user settings
2018.06.08.22:36:24 Warning: system.acl_iface.acl_kernel_clk.kernel_pll: kernel_pll.reconfig_to_pll must be exported, or connected to a matching conduit.
2018.06.08.22:36:24 Warning: system.acl_iface.acl_kernel_clk.kernel_pll: kernel_pll.reconfig_from_pll must be exported, or connected to a matching conduit.
2018.06.08.22:36:24 Warning: system.acl_iface.acl_memory_bank_divider: add_instance: Component clock_source version 12.1 is not installed - loaded latest installed version 18.0 instead.  Please check for parameter mismatches 
2018.06.08.22:36:24 Warning: system.acl_iface.acl_memory_bank_divider: add_instance: Component clock_source version 12.1 is not installed - loaded latest installed version 18.0 instead.  Please check for parameter mismatches 
2018.06.08.22:36:24 Warning: system.acl_iface.fpga_sdram: 'Quick' simulation modes are NOT timing accurate. Some simulation memory models may issue warnings or errors
2018.06.08.22:36:24 Warning: system.acl_iface.fpga_sdram.pll_bridge: pll_bridge.pll_sharing cannot be both connected and exported
2018.06.08.22:36:24 Info: system.acl_iface.hps: HPS Main PLL counter settings: n = 0  m = 63
2018.06.08.22:36:24 Info: system.acl_iface.hps: HPS peripherial PLL counter settings: n = 0  m = 39
2018.06.08.22:36:24 Info: system.acl_iface.hps: ECC will be enabled in the preloader because an interface width of 24 or 40 has been chosen.
2018.06.08.22:36:24 Info: system.acl_iface.pll: The legal reference clock frequency is 5.0 MHz..650.0 MHz
2018.06.08.22:36:24 Info: system.acl_iface.pll: Able to implement PLL with user settings
2018.06.08.22:36:24 Warning: system.acl_iface.acl_kernel_clk.kernel_clk/kernel_clk.clk_in: kernel_clk.clk_in requires 100000000Hz, but source has frequency of 0Hz
2018.06.08.22:36:24 Warning: system.acl_iface.acl_kernel_clk.kernel_clk/acl_memory_bank_divider.kernel_clk: acl_memory_bank_divider.kernel_clk requires 100000000Hz, but source has frequency of 0Hz
2018.06.08.22:36:24 Warning: system.acl_iface.fpga_sdram: fpga_sdram.pll_sharing must be exported, or connected to a matching conduit.
2018.06.08.22:36:24 Warning: system.acl_iface.acl_kernel_clk: acl_kernel_clk.ctrl must be connected to an Avalon-MM master
2018.06.08.22:36:24 Warning: system.acl_iface.acl_internal_snoop: acl_iface.acl_internal_snoop must be connected to an Avalon-ST sink
2018.06.08.22:36:24 Warning: system.acl_iface: acl_iface.acl_kernel_clk_kernel_pll_locked must be exported, or connected to a matching conduit.
2018.06.08.22:36:24 Warning: system.acl_iface: acl_iface.acl_internal_memorg_kernel must be exported, or connected to a matching conduit.
2018.06.08.22:36:24 Warning: system.acl_iface: acl_iface.kernel_interface_acl_bsp_memorg_host0x018 must be exported, or connected to a matching conduit.
2018.06.08.22:36:24 Info: system: Generating system "system" for QUARTUS_SYNTH
2018.06.08.22:36:31 Info: Interconnect is inserted between master kernel_system.avm_mem_gmem0_port_0_0_rw and slave acl_iface.kernel_mem0 because the master has address signal 30 bit wide, but the slave is 25 bit wide.
2018.06.08.22:36:31 Info: Interconnect is inserted between master kernel_system.avm_mem_gmem0_port_1_0_rw and slave acl_iface.kernel_mem1 because the master has address signal 30 bit wide, but the slave is 25 bit wide.
2018.06.08.22:36:31 Info: Interconnect is inserted between master acl_iface.kernel_cra and slave cra_root.cra_slave because the master has burstcount signal 1 bit wide, but the slave is 0 bit wide.
2018.06.08.22:36:31 Info: Interconnect is inserted between master acl_iface.kernel_cra and slave cra_root.cra_slave because the master has address signal 30 bit wide, but the slave is 4 bit wide.
2018.06.08.22:36:31 Info: Interconnect is inserted between master acl_iface.kernel_cra and slave cra_root.cra_slave because the master has debugaccess signal 1 bit wide, but the slave is 0 bit wide.
2018.06.08.22:36:41 Info: Interconnect is inserted between master clock_cross_kernel_mem1.m0 and slave address_span_extender_kernel.windowed_slave because the master has debugaccess signal 1 bit wide, but the slave is 0 bit wide.
2018.06.08.22:36:41 Info: Interconnect is inserted between master address_span_extender_kernel.expanded_master and slave hps.f2h_sdram0_data because the master has address signal 32 bit wide, but the slave is 27 bit wide.
2018.06.08.22:36:41 Info: Interconnect is inserted between master address_span_extender_kernel.expanded_master and slave hps.f2h_sdram0_data because the master has burstcount signal 5 bit wide, but the slave is 8 bit wide.
2018.06.08.22:36:41 Info: Interconnect is inserted between master hps.h2f_axi_master and slave address_span_extender_axi.windowed_slave because the master is of type axi and the slave is of type avalon.
2018.06.08.22:36:42 Info: Interconnect is inserted between master address_span_extender_axi.expanded_master and slave acl_memory_bank_divider.s because the master has address signal 30 bit wide, but the slave is 25 bit wide.
2018.06.08.22:36:42 Info: Interconnect is inserted between master address_span_extender_axi.expanded_master and slave acl_memory_bank_divider.s because the master has readdata signal 32 bit wide, but the slave is 256 bit wide.
2018.06.08.22:36:42 Info: Interconnect is inserted between master address_span_extender_axi.expanded_master and slave acl_memory_bank_divider.s because the master has writedata signal 32 bit wide, but the slave is 256 bit wide.
2018.06.08.22:36:42 Info: Interconnect is inserted between master address_span_extender_axi.expanded_master and slave acl_memory_bank_divider.s because the master has byteenable signal 4 bit wide, but the slave is 32 bit wide.
2018.06.08.22:36:43 Info: Interconnect is inserted between master hps.h2f_lw_axi_master and slave mm_bridge_0.s0 because the master is of type axi and the slave is of type avalon.
2018.06.08.22:36:43 Warning: hps.f2h_irq0: Cannot connect clock for irq_mapper.sender
2018.06.08.22:36:43 Warning: hps.f2h_irq0: Cannot connect reset for irq_mapper.sender
2018.06.08.22:36:43 Warning: hps.f2h_irq1: Cannot connect clock for irq_mapper_001.sender
2018.06.08.22:36:43 Warning: hps.f2h_irq1: Cannot connect reset for irq_mapper_001.sender
2018.06.08.22:36:49 Info: acl_iface: "system" instantiated acl_iface_system "acl_iface"
2018.06.08.22:36:49 Info: avs_global_id_cra_cra_ring: "system" instantiated cra_ring_node "avs_global_id_cra_cra_ring"
2018.06.08.22:36:49 Info: cra_root: "system" instantiated cra_ring_root "cra_root"
2018.06.08.22:36:49 Info: kernel_system: "system" instantiated kernel_system "kernel_system"
2018.06.08.22:36:49 Info: mm_interconnect_0: "system" instantiated altera_mm_interconnect "mm_interconnect_0"
2018.06.08.22:36:49 Info: mm_interconnect_1: "system" instantiated altera_mm_interconnect "mm_interconnect_1"
2018.06.08.22:36:49 Info: mm_interconnect_3: "system" instantiated altera_mm_interconnect "mm_interconnect_3"
2018.06.08.22:36:49 Info: irq_mapper: "system" instantiated altera_irq_mapper "irq_mapper"
2018.06.08.22:36:49 Info: rst_controller: "system" instantiated altera_reset_controller "rst_controller"
2018.06.08.22:36:50 Info: Inserting clock-crossing logic between cmd_demux.src1 and cmd_mux_001.sink0
2018.06.08.22:36:50 Info: Inserting clock-crossing logic between rsp_demux_001.src0 and rsp_mux.sink1
2018.06.08.22:36:51 Info: acl_kernel_clk: "acl_iface" instantiated acl_kernel_clk_noreconfig "acl_kernel_clk"
2018.06.08.22:36:51 Info: clock_cross_kernel_mem0: "acl_iface" instantiated altera_avalon_mm_clock_crossing_bridge "clock_cross_kernel_mem0"
2018.06.08.22:36:51 Info: acl_memory_bank_divider: "acl_iface" instantiated acl_memory_bank_divider "acl_memory_bank_divider"
2018.06.08.22:36:51 Info: version_id: "acl_iface" instantiated version_id "version_id"
2018.06.08.22:36:51 Info: fpga_sdram: "acl_iface" instantiated altera_mem_if_ddr3_emif "fpga_sdram"
2018.06.08.22:36:51 Info: hps: "Running  for module: hps"
2018.06.08.22:36:52 Info: hps: HPS Main PLL counter settings: n = 0  m = 63
2018.06.08.22:36:53 Info: hps: HPS peripherial PLL counter settings: n = 0  m = 39
2018.06.08.22:36:53 Info: hps: ECC will be enabled in the preloader because an interface width of 24 or 40 has been chosen.
2018.06.08.22:36:53 Info: hps: "acl_iface" instantiated altera_hps "hps"
2018.06.08.22:36:53 Info: Interconnect is inserted between master address_span_extender_0.expanded_master and slave kernel_cra.s0 because the master has readdata signal 32 bit wide, but the slave is 64 bit wide.
2018.06.08.22:36:53 Info: Interconnect is inserted between master address_span_extender_0.expanded_master and slave kernel_cra.s0 because the master has writedata signal 32 bit wide, but the slave is 64 bit wide.
2018.06.08.22:36:53 Info: Interconnect is inserted between master address_span_extender_0.expanded_master and slave kernel_cra.s0 because the master has byteenable signal 4 bit wide, but the slave is 8 bit wide.
2018.06.08.22:36:54 Info: Inserting clock-crossing logic between cmd_demux.src0 and cmd_mux.sink0
2018.06.08.22:36:54 Info: Inserting clock-crossing logic between cmd_demux.src1 and cmd_mux_001.sink0
2018.06.08.22:36:54 Info: Inserting clock-crossing logic between rsp_demux.src0 and rsp_mux.sink0
2018.06.08.22:36:54 Info: Inserting clock-crossing logic between rsp_demux_001.src0 and rsp_mux.sink1
2018.06.08.22:36:55 Warning: irq_ena_0.my_irq_in: Cannot connect clock for irq_mapper.sender
2018.06.08.22:36:55 Warning: irq_ena_0.my_irq_in: Cannot connect reset for irq_mapper.sender
2018.06.08.22:36:55 Info: kernel_interface: "acl_iface" instantiated acl_kernel_interface_soc "kernel_interface"
2018.06.08.22:36:55 Info: pll: "acl_iface" instantiated altera_pll "pll"
2018.06.08.22:36:55 Info: address_span_extender_kernel: "acl_iface" instantiated altera_address_span_extender "address_span_extender_kernel"
2018.06.08.22:36:55 Info: mm_bridge_0: "acl_iface" instantiated altera_avalon_mm_bridge "mm_bridge_0"
2018.06.08.22:36:56 Info: mm_interconnect_0: "acl_iface" instantiated altera_mm_interconnect "mm_interconnect_0"
2018.06.08.22:36:56 Info: mm_interconnect_1: "acl_iface" instantiated altera_mm_interconnect "mm_interconnect_1"
2018.06.08.22:36:56 Info: avalon_st_adapter: Inserting error_adapter: error_adapter_0
2018.06.08.22:36:56 Info: mm_interconnect_2: "acl_iface" instantiated altera_mm_interconnect "mm_interconnect_2"
2018.06.08.22:36:56 Info: avalon_st_adapter: Inserting error_adapter: error_adapter_0
2018.06.08.22:36:56 Info: mm_interconnect_3: "acl_iface" instantiated altera_mm_interconnect "mm_interconnect_3"
2018.06.08.22:36:56 Info: avalon_st_adapter: Inserting error_adapter: error_adapter_0
2018.06.08.22:36:56 Info: mm_interconnect_4: "acl_iface" instantiated altera_mm_interconnect "mm_interconnect_4"
2018.06.08.22:36:57 Info: avalon_st_adapter: Inserting error_adapter: error_adapter_0
2018.06.08.22:36:57 Info: mm_interconnect_5: "acl_iface" instantiated altera_mm_interconnect "mm_interconnect_5"
2018.06.08.22:36:57 Info: avalon_st_adapter: Inserting error_adapter: error_adapter_0
2018.06.08.22:36:57 Info: avalon_st_adapter_001: Inserting error_adapter: error_adapter_0
2018.06.08.22:36:57 Info: avalon_st_adapter_002: Inserting error_adapter: error_adapter_0
2018.06.08.22:36:57 Info: mm_interconnect_6: "acl_iface" instantiated altera_mm_interconnect "mm_interconnect_6"
2018.06.08.22:36:57 Info: avalon_st_adapter: Inserting error_adapter: error_adapter_0
2018.06.08.22:36:58 Info: mm_interconnect_7: "acl_iface" instantiated altera_mm_interconnect "mm_interconnect_7"
2018.06.08.22:36:58 Info: irq_mapper: "acl_iface" instantiated altera_irq_mapper "irq_mapper"
2018.06.08.22:36:58 Info: irq_mapper_001: "acl_iface" instantiated altera_irq_mapper "irq_mapper_001"
2018.06.08.22:36:58 Info: kernel_system_avm_mem_gmem0_port_0_0_rw_translator: "mm_interconnect_0" instantiated altera_merlin_master_translator "kernel_system_avm_mem_gmem0_port_0_0_rw_translator"
2018.06.08.22:36:58 Info: acl_iface_kernel_mem0_translator: "mm_interconnect_0" instantiated altera_merlin_slave_translator "acl_iface_kernel_mem0_translator"
2018.06.08.22:36:58 Info: kernel_pll: "acl_kernel_clk" instantiated altera_pll "kernel_pll"
2018.06.08.22:36:58 Info: counter: "acl_kernel_clk" instantiated acl_timer "counter"
2018.06.08.22:36:58 Info: global_routing_kernel_clk: "acl_kernel_clk" instantiated global_routing_clk "global_routing_kernel_clk"
2018.06.08.22:36:58 Info: pll_sw_reset: "acl_kernel_clk" instantiated sw_reset "pll_sw_reset"
2018.06.08.22:36:58 Info: pll_lock_avs_0: "acl_kernel_clk" instantiated pll_lock_avs "pll_lock_avs_0"
2018.06.08.22:36:58 Info: pll_rom: Starting RTL generation for module 'system_acl_iface_acl_kernel_clk_pll_rom'
2018.06.08.22:36:58 Info: pll_rom:   Generation command is [exec /opt/intelFPGA/18.0/quartus/linux64/perl/bin/perl -I /opt/intelFPGA/18.0/quartus/linux64/perl/lib -I /opt/intelFPGA/18.0/quartus/sopc_builder/bin/europa -I /opt/intelFPGA/18.0/quartus/sopc_builder/bin/perl_lib -I /opt/intelFPGA/18.0/quartus/sopc_builder/bin -I /opt/intelFPGA/18.0/quartus/../ip/altera/sopc_builder_ip/common -I /opt/intelFPGA/18.0/quartus/../ip/altera/sopc_builder_ip/altera_avalon_onchip_memory2 -- /opt/intelFPGA/18.0/quartus/../ip/altera/sopc_builder_ip/altera_avalon_onchip_memory2/generate_rtl.pl --name=system_acl_iface_acl_kernel_clk_pll_rom --dir=/tmp/alt7690_6419846092903864424.dir/0017_pll_rom_gen/ --quartus_dir=/opt/intelFPGA/18.0/quartus --verilog --config=/tmp/alt7690_6419846092903864424.dir/0017_pll_rom_gen//system_acl_iface_acl_kernel_clk_pll_rom_component_configuration.pl  --do_build_sim=0  ]
2018.06.08.22:36:58 Info: pll_rom: Done RTL generation for module 'system_acl_iface_acl_kernel_clk_pll_rom'
2018.06.08.22:36:58 Info: pll_rom: "acl_kernel_clk" instantiated altera_avalon_onchip_memory2 "pll_rom"
2018.06.08.22:36:58 Info: avalon_st_adapter: Inserting error_adapter: error_adapter_0
2018.06.08.22:36:58 Info: avalon_st_adapter_001: Inserting error_adapter: error_adapter_0
2018.06.08.22:36:59 Info: avalon_st_adapter_002: Inserting error_adapter: error_adapter_0
2018.06.08.22:36:59 Info: avalon_st_adapter_003: Inserting error_adapter: error_adapter_0
2018.06.08.22:36:59 Info: avalon_st_adapter_004: Inserting error_adapter: error_adapter_0
2018.06.08.22:36:59 Info: mm_interconnect_0: "acl_kernel_clk" instantiated altera_mm_interconnect "mm_interconnect_0"
2018.06.08.22:37:02 Info: acl_snoop_adapter_0: "acl_memory_bank_divider" instantiated acl_snoop_adapter "acl_snoop_adapter_0"
2018.06.08.22:37:02 Info: pll0: "fpga_sdram" instantiated altera_mem_if_ddr3_pll "pll0"
2018.06.08.22:37:02 Info: p0: Generating clock pair generator
2018.06.08.22:37:04 Info: p0: Generating system_acl_iface_fpga_sdram_p0_altdqdqs
2018.06.08.22:37:14 Info: p0: 
2018.06.08.22:37:14 Info: p0: *****************************
2018.06.08.22:37:14 Info: p0: 
2018.06.08.22:37:14 Info: p0: Remember to run the system_acl_iface_fpga_sdram_p0_pin_assignments.tcl
2018.06.08.22:37:14 Info: p0: script after running Synthesis and before Fitting.
2018.06.08.22:37:14 Info: p0: 
2018.06.08.22:37:14 Info: p0: *****************************
2018.06.08.22:37:14 Info: p0: 
2018.06.08.22:37:14 Info: p0: "fpga_sdram" instantiated altera_mem_if_ddr3_hard_phy_core "p0"
2018.06.08.22:37:24 Info: s0: Generating Qsys sequencer system
2018.06.08.22:37:39 Info: s0: QSYS sequencer system generated successfully
2018.06.08.22:37:48 Info: s0: "fpga_sdram" instantiated altera_mem_if_ddr3_qseq "s0"
2018.06.08.22:37:48 Info: Reusing file /home/ogura/OpenCL-samples/gemm_accel/kernel/system/synthesis/submodules/altera_merlin_master_translator.sv
2018.06.08.22:37:48 Info: Reusing file /home/ogura/OpenCL-samples/gemm_accel/kernel/system/synthesis/submodules/altera_merlin_slave_translator.sv
2018.06.08.22:37:48 Info: c0: "fpga_sdram" instantiated altera_mem_if_ddr3_hard_memory_controller "c0"
2018.06.08.22:37:48 Info: oct0: "fpga_sdram" instantiated altera_mem_if_oct "oct0"
2018.06.08.22:37:48 Info: dll0: "fpga_sdram" instantiated altera_mem_if_dll "dll0"
2018.06.08.22:37:48 Info: fpga_interfaces: "hps" instantiated altera_interface_generator "fpga_interfaces"
2018.06.08.22:37:48 Info: hps_io: "hps" instantiated altera_hps_io "hps_io"
2018.06.08.22:37:48 Info: sys_description_rom: Starting RTL generation for module 'system_acl_iface_kernel_interface_sys_description_rom'
2018.06.08.22:37:48 Info: sys_description_rom:   Generation command is [exec /opt/intelFPGA/18.0/quartus/linux64/perl/bin/perl -I /opt/intelFPGA/18.0/quartus/linux64/perl/lib -I /opt/intelFPGA/18.0/quartus/sopc_builder/bin/europa -I /opt/intelFPGA/18.0/quartus/sopc_builder/bin/perl_lib -I /opt/intelFPGA/18.0/quartus/sopc_builder/bin -I /opt/intelFPGA/18.0/quartus/../ip/altera/sopc_builder_ip/common -I /opt/intelFPGA/18.0/quartus/../ip/altera/sopc_builder_ip/altera_avalon_onchip_memory2 -- /opt/intelFPGA/18.0/quartus/../ip/altera/sopc_builder_ip/altera_avalon_onchip_memory2/generate_rtl.pl --name=system_acl_iface_kernel_interface_sys_description_rom --dir=/tmp/alt7690_6419846092903864424.dir/0027_sys_description_rom_gen/ --quartus_dir=/opt/intelFPGA/18.0/quartus --verilog --config=/tmp/alt7690_6419846092903864424.dir/0027_sys_description_rom_gen//system_acl_iface_kernel_interface_sys_description_rom_component_configuration.pl  --do_build_sim=0  ]
2018.06.08.22:37:48 Info: sys_description_rom: Done RTL generation for module 'system_acl_iface_kernel_interface_sys_description_rom'
2018.06.08.22:37:48 Info: sys_description_rom: "kernel_interface" instantiated altera_avalon_onchip_memory2 "sys_description_rom"
2018.06.08.22:37:48 Info: mem_org_mode: "kernel_interface" instantiated mem_org_mode "mem_org_mode"
2018.06.08.22:37:48 Info: irq_bridge_0: "kernel_interface" instantiated altera_irq_bridge "irq_bridge_0"
2018.06.08.22:37:48 Info: irq_ena_0: "kernel_interface" instantiated acl_irq_ena "irq_ena_0"
2018.06.08.22:37:49 Info: avalon_st_adapter: Inserting error_adapter: error_adapter_0
2018.06.08.22:37:49 Info: mm_interconnect_0: "kernel_interface" instantiated altera_mm_interconnect "mm_interconnect_0"
2018.06.08.22:37:49 Info: avalon_st_adapter: Inserting error_adapter: error_adapter_0
2018.06.08.22:37:49 Info: avalon_st_adapter_001: Inserting error_adapter: error_adapter_0
2018.06.08.22:37:49 Info: avalon_st_adapter_002: Inserting error_adapter: error_adapter_0
2018.06.08.22:37:49 Info: avalon_st_adapter_003: Inserting error_adapter: error_adapter_0
2018.06.08.22:37:49 Info: avalon_st_adapter_004: Inserting error_adapter: error_adapter_0
2018.06.08.22:37:49 Info: avalon_st_adapter_005: Inserting error_adapter: error_adapter_0
2018.06.08.22:37:49 Info: avalon_st_adapter_006: Inserting error_adapter: error_adapter_0
2018.06.08.22:37:50 Info: mm_interconnect_1: "kernel_interface" instantiated altera_mm_interconnect "mm_interconnect_1"
2018.06.08.22:37:50 Info: address_span_extender_kernel_expanded_master_agent: "mm_interconnect_2" instantiated altera_merlin_master_agent "address_span_extender_kernel_expanded_master_agent"
2018.06.08.22:37:50 Info: Reusing file /home/ogura/OpenCL-samples/gemm_accel/kernel/system/synthesis/submodules/altera_merlin_master_agent.sv
2018.06.08.22:37:50 Info: hps_f2h_sdram0_data_agent: "mm_interconnect_2" instantiated altera_merlin_slave_agent "hps_f2h_sdram0_data_agent"
2018.06.08.22:37:50 Info: Reusing file /home/ogura/OpenCL-samples/gemm_accel/kernel/system/synthesis/submodules/altera_merlin_slave_agent.sv
2018.06.08.22:37:50 Info: Reusing file /home/ogura/OpenCL-samples/gemm_accel/kernel/system/synthesis/submodules/altera_merlin_burst_uncompressor.sv
2018.06.08.22:37:50 Info: hps_f2h_sdram0_data_agent_rsp_fifo: "mm_interconnect_2" instantiated altera_avalon_sc_fifo "hps_f2h_sdram0_data_agent_rsp_fifo"
2018.06.08.22:37:50 Info: Reusing file /home/ogura/OpenCL-samples/gemm_accel/kernel/system/synthesis/submodules/altera_avalon_sc_fifo.v
2018.06.08.22:37:50 Info: router: "mm_interconnect_2" instantiated altera_merlin_router "router"
2018.06.08.22:37:50 Info: router_001: "mm_interconnect_2" instantiated altera_merlin_router "router_001"
2018.06.08.22:37:50 Info: cmd_demux: "mm_interconnect_2" instantiated altera_merlin_demultiplexer "cmd_demux"
2018.06.08.22:37:50 Info: cmd_mux: "mm_interconnect_2" instantiated altera_merlin_multiplexer "cmd_mux"
2018.06.08.22:37:50 Info: Reusing file /home/ogura/OpenCL-samples/gemm_accel/kernel/system/synthesis/submodules/altera_merlin_arbitrator.sv
2018.06.08.22:37:50 Info: rsp_mux: "mm_interconnect_2" instantiated altera_merlin_multiplexer "rsp_mux"
2018.06.08.22:37:50 Info: Reusing file /home/ogura/OpenCL-samples/gemm_accel/kernel/system/synthesis/submodules/altera_merlin_arbitrator.sv
2018.06.08.22:37:50 Info: avalon_st_adapter: "mm_interconnect_2" instantiated altera_avalon_st_adapter "avalon_st_adapter"
2018.06.08.22:37:50 Info: hps_h2f_axi_master_agent: "mm_interconnect_3" instantiated altera_merlin_axi_master_ni "hps_h2f_axi_master_agent"
2018.06.08.22:37:50 Info: router: "mm_interconnect_3" instantiated altera_merlin_router "router"
2018.06.08.22:37:50 Info: router_002: "mm_interconnect_3" instantiated altera_merlin_router "router_002"
2018.06.08.22:37:50 Info: address_span_extender_axi_windowed_slave_burst_adapter: "mm_interconnect_3" instantiated altera_merlin_burst_adapter "address_span_extender_axi_windowed_slave_burst_adapter"
2018.06.08.22:37:50 Info: Reusing file /home/ogura/OpenCL-samples/gemm_accel/kernel/system/synthesis/submodules/altera_merlin_address_alignment.sv
2018.06.08.22:37:50 Info: cmd_demux: "mm_interconnect_3" instantiated altera_merlin_demultiplexer "cmd_demux"
2018.06.08.22:37:50 Info: cmd_mux: "mm_interconnect_3" instantiated altera_merlin_multiplexer "cmd_mux"
2018.06.08.22:37:50 Info: Reusing file /home/ogura/OpenCL-samples/gemm_accel/kernel/system/synthesis/submodules/altera_merlin_arbitrator.sv
2018.06.08.22:37:50 Info: rsp_demux: "mm_interconnect_3" instantiated altera_merlin_demultiplexer "rsp_demux"
2018.06.08.22:37:50 Info: rsp_mux: "mm_interconnect_3" instantiated altera_merlin_multiplexer "rsp_mux"
2018.06.08.22:37:50 Info: Reusing file /home/ogura/OpenCL-samples/gemm_accel/kernel/system/synthesis/submodules/altera_merlin_arbitrator.sv
2018.06.08.22:37:50 Info: avalon_st_adapter: "mm_interconnect_3" instantiated altera_avalon_st_adapter "avalon_st_adapter"
2018.06.08.22:37:50 Info: router: "mm_interconnect_4" instantiated altera_merlin_router "router"
2018.06.08.22:37:50 Info: router_001: "mm_interconnect_4" instantiated altera_merlin_router "router_001"
2018.06.08.22:37:50 Info: cmd_demux: "mm_interconnect_4" instantiated altera_merlin_demultiplexer "cmd_demux"
2018.06.08.22:37:50 Info: cmd_mux: "mm_interconnect_4" instantiated altera_merlin_multiplexer "cmd_mux"
2018.06.08.22:37:50 Info: Reusing file /home/ogura/OpenCL-samples/gemm_accel/kernel/system/synthesis/submodules/altera_merlin_arbitrator.sv
2018.06.08.22:37:50 Info: rsp_mux: "mm_interconnect_4" instantiated altera_merlin_multiplexer "rsp_mux"
2018.06.08.22:37:50 Info: Reusing file /home/ogura/OpenCL-samples/gemm_accel/kernel/system/synthesis/submodules/altera_merlin_arbitrator.sv
2018.06.08.22:37:50 Info: acl_memory_bank_divider_s_cmd_width_adapter: "mm_interconnect_4" instantiated altera_merlin_width_adapter "acl_memory_bank_divider_s_cmd_width_adapter"
2018.06.08.22:37:50 Info: Reusing file /home/ogura/OpenCL-samples/gemm_accel/kernel/system/synthesis/submodules/altera_merlin_address_alignment.sv
2018.06.08.22:37:50 Info: Reusing file /home/ogura/OpenCL-samples/gemm_accel/kernel/system/synthesis/submodules/altera_merlin_burst_uncompressor.sv
2018.06.08.22:37:50 Info: router: "mm_interconnect_5" instantiated altera_merlin_router "router"
2018.06.08.22:37:50 Info: router_002: "mm_interconnect_5" instantiated altera_merlin_router "router_002"
2018.06.08.22:37:50 Info: cmd_demux: "mm_interconnect_5" instantiated altera_merlin_demultiplexer "cmd_demux"
2018.06.08.22:37:50 Info: cmd_mux: "mm_interconnect_5" instantiated altera_merlin_multiplexer "cmd_mux"
2018.06.08.22:37:50 Info: Reusing file /home/ogura/OpenCL-samples/gemm_accel/kernel/system/synthesis/submodules/altera_merlin_arbitrator.sv
2018.06.08.22:37:50 Info: rsp_demux: "mm_interconnect_5" instantiated altera_merlin_demultiplexer "rsp_demux"
2018.06.08.22:37:50 Info: rsp_mux: "mm_interconnect_5" instantiated altera_merlin_multiplexer "rsp_mux"
2018.06.08.22:37:50 Info: Reusing file /home/ogura/OpenCL-samples/gemm_accel/kernel/system/synthesis/submodules/altera_merlin_arbitrator.sv
2018.06.08.22:37:50 Info: router: "mm_interconnect_6" instantiated altera_merlin_router "router"
2018.06.08.22:37:50 Info: router_001: "mm_interconnect_6" instantiated altera_merlin_router "router_001"
2018.06.08.22:37:50 Info: router_003: "mm_interconnect_6" instantiated altera_merlin_router "router_003"
2018.06.08.22:37:50 Info: mm_bridge_0_m0_limiter: "mm_interconnect_6" instantiated altera_merlin_traffic_limiter "mm_bridge_0_m0_limiter"
2018.06.08.22:37:50 Info: Reusing file /home/ogura/OpenCL-samples/gemm_accel/kernel/system/synthesis/submodules/altera_avalon_sc_fifo.v
2018.06.08.22:37:50 Info: Reusing file /home/ogura/OpenCL-samples/gemm_accel/kernel/system/synthesis/submodules/altera_avalon_st_pipeline_base.v
2018.06.08.22:37:50 Info: cmd_demux: "mm_interconnect_6" instantiated altera_merlin_demultiplexer "cmd_demux"
2018.06.08.22:37:50 Info: cmd_mux: "mm_interconnect_6" instantiated altera_merlin_multiplexer "cmd_mux"
2018.06.08.22:37:50 Info: Reusing file /home/ogura/OpenCL-samples/gemm_accel/kernel/system/synthesis/submodules/altera_merlin_arbitrator.sv
2018.06.08.22:37:50 Info: rsp_demux: "mm_interconnect_6" instantiated altera_merlin_demultiplexer "rsp_demux"
2018.06.08.22:37:50 Info: rsp_mux: "mm_interconnect_6" instantiated altera_merlin_multiplexer "rsp_mux"
2018.06.08.22:37:50 Info: Reusing file /home/ogura/OpenCL-samples/gemm_accel/kernel/system/synthesis/submodules/altera_merlin_arbitrator.sv
2018.06.08.22:37:50 Info: avalon_st_adapter_002: "mm_interconnect_6" instantiated altera_avalon_st_adapter "avalon_st_adapter_002"
2018.06.08.22:37:50 Info: router: "mm_interconnect_7" instantiated altera_merlin_router "router"
2018.06.08.22:37:50 Info: router_002: "mm_interconnect_7" instantiated altera_merlin_router "router_002"
2018.06.08.22:37:50 Info: cmd_demux: "mm_interconnect_7" instantiated altera_merlin_demultiplexer "cmd_demux"
2018.06.08.22:37:50 Info: cmd_mux: "mm_interconnect_7" instantiated altera_merlin_multiplexer "cmd_mux"
2018.06.08.22:37:50 Info: Reusing file /home/ogura/OpenCL-samples/gemm_accel/kernel/system/synthesis/submodules/altera_merlin_arbitrator.sv
2018.06.08.22:37:50 Info: rsp_demux: "mm_interconnect_7" instantiated altera_merlin_demultiplexer "rsp_demux"
2018.06.08.22:37:50 Info: rsp_mux: "mm_interconnect_7" instantiated altera_merlin_multiplexer "rsp_mux"
2018.06.08.22:37:50 Info: Reusing file /home/ogura/OpenCL-samples/gemm_accel/kernel/system/synthesis/submodules/altera_merlin_arbitrator.sv
2018.06.08.22:37:50 Info: router: "mm_interconnect_0" instantiated altera_merlin_router "router"
2018.06.08.22:37:50 Info: router_001: "mm_interconnect_0" instantiated altera_merlin_router "router_001"
2018.06.08.22:37:50 Info: cmd_demux: "mm_interconnect_0" instantiated altera_merlin_demultiplexer "cmd_demux"
2018.06.08.22:37:50 Info: cmd_mux: "mm_interconnect_0" instantiated altera_merlin_multiplexer "cmd_mux"
2018.06.08.22:37:50 Info: Reusing file /home/ogura/OpenCL-samples/gemm_accel/kernel/system/synthesis/submodules/altera_merlin_arbitrator.sv
2018.06.08.22:37:50 Info: rsp_demux: "mm_interconnect_0" instantiated altera_merlin_demultiplexer "rsp_demux"
2018.06.08.22:37:50 Info: rsp_demux_001: "mm_interconnect_0" instantiated altera_merlin_demultiplexer "rsp_demux_001"
2018.06.08.22:37:50 Info: rsp_mux: "mm_interconnect_0" instantiated altera_merlin_multiplexer "rsp_mux"
2018.06.08.22:37:50 Info: Reusing file /home/ogura/OpenCL-samples/gemm_accel/kernel/system/synthesis/submodules/altera_merlin_arbitrator.sv
2018.06.08.22:37:50 Info: async_fifo: "mm_interconnect_0" instantiated altera_avalon_dc_fifo "async_fifo"
2018.06.08.22:37:50 Info: Reusing file /home/ogura/OpenCL-samples/gemm_accel/kernel/system/synthesis/submodules/altera_avalon_dc_fifo.v
2018.06.08.22:37:50 Info: Reusing file /home/ogura/OpenCL-samples/gemm_accel/kernel/system/synthesis/submodules/altera_dcfifo_synchronizer_bundle.v
2018.06.08.22:37:50 Info: Reusing file /home/ogura/OpenCL-samples/gemm_accel/kernel/system/synthesis/submodules/altera_std_synchronizer_nocut.v
2018.06.08.22:37:50 Info: Reusing file /home/ogura/OpenCL-samples/gemm_accel/kernel/system/synthesis/submodules/altera_avalon_dc_fifo.sdc
2018.06.08.22:38:19 Info: border: "hps_io" instantiated altera_interface_generator "border"
2018.06.08.22:38:19 Info: Reusing file /home/ogura/OpenCL-samples/gemm_accel/kernel/system/synthesis/submodules/altdq_dqs2_acv_connect_to_hard_phy_cyclonev.sv
2018.06.08.22:38:19 Info: Reusing file /home/ogura/OpenCL-samples/gemm_accel/kernel/system/synthesis/submodules/altera_mem_if_hard_memory_controller_top_cyclonev.sv
2018.06.08.22:38:19 Info: Reusing file /home/ogura/OpenCL-samples/gemm_accel/kernel/system/synthesis/submodules/altera_mem_if_oct_cyclonev.sv
2018.06.08.22:38:19 Info: Reusing file /home/ogura/OpenCL-samples/gemm_accel/kernel/system/synthesis/submodules/altera_mem_if_dll_cyclonev.sv
2018.06.08.22:38:19 Info: router: "mm_interconnect_0" instantiated altera_merlin_router "router"
2018.06.08.22:38:19 Info: router_001: "mm_interconnect_0" instantiated altera_merlin_router "router_001"
2018.06.08.22:38:19 Info: cmd_demux: "mm_interconnect_0" instantiated altera_merlin_demultiplexer "cmd_demux"
2018.06.08.22:38:19 Info: cmd_mux: "mm_interconnect_0" instantiated altera_merlin_multiplexer "cmd_mux"
2018.06.08.22:38:19 Info: Reusing file /home/ogura/OpenCL-samples/gemm_accel/kernel/system/synthesis/submodules/altera_merlin_arbitrator.sv
2018.06.08.22:38:19 Info: rsp_mux: "mm_interconnect_0" instantiated altera_merlin_multiplexer "rsp_mux"
2018.06.08.22:38:19 Info: Reusing file /home/ogura/OpenCL-samples/gemm_accel/kernel/system/synthesis/submodules/altera_merlin_arbitrator.sv
2018.06.08.22:38:19 Info: router: "mm_interconnect_1" instantiated altera_merlin_router "router"
2018.06.08.22:38:19 Info: router_001: "mm_interconnect_1" instantiated altera_merlin_router "router_001"
2018.06.08.22:38:19 Info: router_002: "mm_interconnect_1" instantiated altera_merlin_router "router_002"
2018.06.08.22:38:19 Info: cmd_demux: "mm_interconnect_1" instantiated altera_merlin_demultiplexer "cmd_demux"
2018.06.08.22:38:20 Info: cmd_mux: "mm_interconnect_1" instantiated altera_merlin_multiplexer "cmd_mux"
2018.06.08.22:38:20 Info: Reusing file /home/ogura/OpenCL-samples/gemm_accel/kernel/system/synthesis/submodules/altera_merlin_arbitrator.sv
2018.06.08.22:38:20 Info: rsp_demux: "mm_interconnect_1" instantiated altera_merlin_demultiplexer "rsp_demux"
2018.06.08.22:38:20 Info: rsp_demux_002: "mm_interconnect_1" instantiated altera_merlin_demultiplexer "rsp_demux_002"
2018.06.08.22:38:20 Info: rsp_mux: "mm_interconnect_1" instantiated altera_merlin_multiplexer "rsp_mux"
2018.06.08.22:38:20 Info: Reusing file /home/ogura/OpenCL-samples/gemm_accel/kernel/system/synthesis/submodules/altera_merlin_arbitrator.sv
2018.06.08.22:38:20 Info: crosser: "mm_interconnect_1" instantiated altera_avalon_st_handshake_clock_crosser "crosser"
2018.06.08.22:38:20 Info: Reusing file /home/ogura/OpenCL-samples/gemm_accel/kernel/system/synthesis/submodules/altera_avalon_st_pipeline_base.v
2018.06.08.22:38:20 Info: Reusing file /home/ogura/OpenCL-samples/gemm_accel/kernel/system/synthesis/submodules/altera_std_synchronizer_nocut.v
2018.06.08.22:38:20 Info: error_adapter_0: "avalon_st_adapter" instantiated error_adapter "error_adapter_0"
2018.06.08.22:38:20 Info: error_adapter_0: "avalon_st_adapter" instantiated error_adapter "error_adapter_0"
2018.06.08.22:38:20 Info: error_adapter_0: "avalon_st_adapter_002" instantiated error_adapter "error_adapter_0"
2018.06.08.22:38:20 Info: system: Done "system" with 125 modules, 315 files
