Compiler Command: aoc hello.cl -board c5soc_sharedonly -report

!===========================================================================
! The report below may be inaccurate. A more comprehensive           
! resource usage report can be found at hello/reports/report.html    
!===========================================================================

+--------------------------------------------------------------------+
; Estimated Resource Usage Summary                                   ;
+----------------------------------------+---------------------------+
; Resource                               + Usage                     ;
+----------------------------------------+---------------------------+
; Logic utilization                      ;    9%                     ;
; ALUTs                                  ;    4%                     ;
; Dedicated logic registers              ;    5%                     ;
; Memory blocks                          ;    7%                     ;
; DSP blocks                             ;    0%                     ;
+----------------------------------------+---------------------------;
System name: hello

2018.06.09.13:50:30 Info: Doing: <b>qsys-script --quartus-project=top --script=system.tcl --Xmx512M --XX:+UseSerialGC --system-file=system.qsys</b>
2018.06.09.13:51:13 Info: set_validation_property AUTOMATIC_VALIDATION false
2018.06.09.13:51:13 Info: add_instance hello_system hello_system 
2018.06.09.13:51:13 Info: add_connection acl_iface.kernel_clk hello_system.clock_reset
2018.06.09.13:51:13 Info: add_connection acl_iface.kernel_clk2x hello_system.clock_reset2x
2018.06.09.13:51:13 Info: add_connection acl_iface.kernel_reset hello_system.clock_reset_reset
2018.06.09.13:51:13 Info: add_connection hello_system.avm_mem_gmem0_port_0_0_rw acl_iface.kernel_mem0
2018.06.09.13:51:13 Info: add_connection acl_iface.kernel_irq hello_system.kernel_irq
2018.06.09.13:51:13 Info: add_instance cra_root cra_ring_root 
2018.06.09.13:51:13 Info: set_instance_parameter_value cra_root ASYNC_RESET 1
2018.06.09.13:51:13 Info: set_instance_parameter_value cra_root SYNCHRONIZE_RESET 0
2018.06.09.13:51:13 Info: set_instance_parameter_value cra_root DATA_W 64
2018.06.09.13:51:13 Info: set_instance_parameter_value cra_root ADDR_W 4
2018.06.09.13:51:13 Info: set_instance_parameter_value cra_root ID_W 0
2018.06.09.13:51:13 Info: add_connection acl_iface.kernel_clk cra_root.clock
2018.06.09.13:51:13 Info: add_connection acl_iface.kernel_reset cra_root.reset
2018.06.09.13:51:13 Info: add_connection acl_iface.kernel_cra cra_root.cra_slave
2018.06.09.13:51:13 Info: set_connection_parameter_value acl_iface.kernel_cra/cra_root.cra_slave baseAddress 0x0
2018.06.09.13:51:13 Info: add_instance avs_hello_cra_cra_ring cra_ring_node 
2018.06.09.13:51:13 Info: set_instance_parameter_value avs_hello_cra_cra_ring ASYNC_RESET 1
2018.06.09.13:51:13 Info: set_instance_parameter_value avs_hello_cra_cra_ring SYNCHRONIZE_RESET 0
2018.06.09.13:51:13 Info: set_instance_parameter_value avs_hello_cra_cra_ring DATA_W 64
2018.06.09.13:51:13 Info: set_instance_parameter_value avs_hello_cra_cra_ring RING_ADDR_W 4
2018.06.09.13:51:13 Info: set_instance_parameter_value avs_hello_cra_cra_ring CRA_ADDR_W 4
2018.06.09.13:51:13 Info: set_instance_parameter_value avs_hello_cra_cra_ring ID_W 0
2018.06.09.13:51:13 Info: set_instance_parameter_value avs_hello_cra_cra_ring ID 0
2018.06.09.13:51:13 Info: add_connection acl_iface.kernel_clk avs_hello_cra_cra_ring.clock
2018.06.09.13:51:13 Info: add_connection acl_iface.kernel_reset avs_hello_cra_cra_ring.reset
2018.06.09.13:51:13 Info: add_connection cra_root.ring_out avs_hello_cra_cra_ring.ring_in
2018.06.09.13:51:13 Info: add_connection avs_hello_cra_cra_ring.cra_master hello_system.avs_hello_cra
2018.06.09.13:51:13 Info: set_connection_parameter_value avs_hello_cra_cra_ring.cra_master/hello_system.avs_hello_cra baseAddress 0x0
2018.06.09.13:51:13 Info: add_connection avs_hello_cra_cra_ring.ring_out cra_root.ring_in
2018.06.09.13:51:13 Info: save_system 
2018.06.09.13:51:14 Info: 
********************************************************************************************************************

Use qsys-generate for a simpler command-line interface for generating IP.

Run ip-generate with switch --remove-qsys-generate-warning to prevent this notice from appearing in subsequent runs.

********************************************************************************************************************
2018.06.09.13:51:22 Progress: Loading hello/system.qsys
2018.06.09.13:51:23 Progress: Reading input file
2018.06.09.13:51:23 Progress: Adding acl_iface [acl_iface_system 1.0]
2018.06.09.13:51:23 Progress: Reading input file
2018.06.09.13:51:23 Progress: Adding global_reset [altera_reset_bridge 14.1]
2018.06.09.13:51:24 Warning: global_reset: Used altera_reset_bridge 18.0 (instead of 14.1)
2018.06.09.13:51:24 Progress: Parameterizing module global_reset
2018.06.09.13:51:24 Progress: Adding config_clk [altera_clock_bridge 14.1]
2018.06.09.13:51:24 Warning: config_clk: Used altera_clock_bridge 18.0 (instead of 14.1)
2018.06.09.13:51:24 Progress: Parameterizing module config_clk
2018.06.09.13:51:24 Progress: Adding acl_kernel_clk [acl_kernel_clk_noreconfig 1.0]
2018.06.09.13:51:24 Progress: Reading input file
2018.06.09.13:51:24 Warning: Invalid device family name in input file: Stratix V
2018.06.09.13:51:24 Progress: Adding kernel_clk [clock_source 13.1]
2018.06.09.13:51:24 Warning: kernel_clk: Used clock_source 18.0 (instead of 13.1)
2018.06.09.13:51:24 Progress: Parameterizing module kernel_clk
2018.06.09.13:51:24 Progress: Adding kernel_pll [altera_pll 13.1]
2018.06.09.13:51:25 Warning: kernel_pll: Used altera_pll 18.0 (instead of 13.1)
2018.06.09.13:51:25 Progress: Parameterizing module kernel_pll
2018.06.09.13:51:25 Progress: Adding pll_reconfig_0 [altera_pll_reconfig 13.1]
2018.06.09.13:51:25 Warning: pll_reconfig_0: Used altera_pll_reconfig 18.0 (instead of 13.1)
2018.06.09.13:51:25 Progress: Parameterizing module pll_reconfig_0
2018.06.09.13:51:25 Progress: Adding counter [acl_timer 10.0]
2018.06.09.13:51:25 Progress: Parameterizing module counter
2018.06.09.13:51:25 Progress: Adding global_routing_kernel_clk [global_routing_clk 10.0]
2018.06.09.13:51:26 Progress: Parameterizing module global_routing_kernel_clk
2018.06.09.13:51:26 Progress: Adding global_routing_kernel_clk2x [global_routing_clk 10.0]
2018.06.09.13:51:26 Progress: Parameterizing module global_routing_kernel_clk2x
2018.06.09.13:51:26 Progress: Adding kernel_pll_refclk [altera_clock_bridge 13.1]
2018.06.09.13:51:26 Warning: kernel_pll_refclk: Used altera_clock_bridge 18.0 (instead of 13.1)
2018.06.09.13:51:26 Progress: Parameterizing module kernel_pll_refclk
2018.06.09.13:51:26 Progress: Adding ctrl [altera_avalon_mm_bridge 13.1]
2018.06.09.13:51:26 Warning: ctrl: Used altera_avalon_mm_bridge 18.0 (instead of 13.1)
2018.06.09.13:51:26 Progress: Parameterizing module ctrl
2018.06.09.13:51:26 Progress: Adding pll_sw_reset [sw_reset 10.0]
2018.06.09.13:51:26 Progress: Parameterizing module pll_sw_reset
2018.06.09.13:51:26 Progress: Adding pll_lock_avs_0 [pll_lock_avs 10.0]
2018.06.09.13:51:26 Progress: Parameterizing module pll_lock_avs_0
2018.06.09.13:51:26 Progress: Adding clk [clock_source 13.1]
2018.06.09.13:51:26 Warning: clk: Used clock_source 18.0 (instead of 13.1)
2018.06.09.13:51:26 Progress: Parameterizing module clk
2018.06.09.13:51:26 Progress: Adding version_id_0 [version_id 10.0]
2018.06.09.13:51:26 Progress: Parameterizing module version_id_0
2018.06.09.13:51:26 Progress: Adding pll_rom [altera_avalon_onchip_memory2 13.1]
2018.06.09.13:51:26 Warning: pll_rom: Used altera_avalon_onchip_memory2 18.0 (instead of 13.1)
2018.06.09.13:51:26 Progress: Parameterizing module pll_rom
2018.06.09.13:51:26 Progress: Building connections
2018.06.09.13:51:26 Progress: Parameterizing connections
2018.06.09.13:51:26 Progress: Validating
2018.06.09.13:51:28 Progress: Done reading input file
2018.06.09.13:51:29 Progress: Parameterizing module acl_kernel_clk
2018.06.09.13:51:29 Progress: Adding kernel_clk [clock_source 14.1]
2018.06.09.13:51:29 Warning: kernel_clk: Used clock_source 18.0 (instead of 14.1)
2018.06.09.13:51:29 Progress: Parameterizing module kernel_clk
2018.06.09.13:51:29 Progress: Adding clock_bridge [altera_clock_bridge 14.1]
2018.06.09.13:51:29 Warning: clock_bridge: Used altera_clock_bridge 18.0 (instead of 14.1)
2018.06.09.13:51:29 Progress: Parameterizing module clock_bridge
2018.06.09.13:51:29 Progress: Adding clock_cross_kernel_mem1 [altera_avalon_mm_clock_crossing_bridge 14.1]
2018.06.09.13:51:29 Warning: clock_cross_kernel_mem1: Used altera_avalon_mm_clock_crossing_bridge 18.0 (instead of 14.1)
2018.06.09.13:51:29 Progress: Parameterizing module clock_cross_kernel_mem1
2018.06.09.13:51:29 Progress: Adding version_id [version_id 10.0]
2018.06.09.13:51:29 Progress: Parameterizing module version_id
2018.06.09.13:51:29 Progress: Adding hps [altera_hps 14.1]
2018.06.09.13:51:30 Warning: hps: Used altera_hps 18.0 (instead of 14.1)
2018.06.09.13:51:30 Progress: Parameterizing module hps
2018.06.09.13:51:30 Progress: Adding acl_kernel_interface [acl_kernel_interface_soc 1.0]
2018.06.09.13:51:30 Progress: Reading input file
2018.06.09.13:51:30 Progress: Adding sys_description_rom [altera_avalon_onchip_memory2 14.0]
2018.06.09.13:51:30 Warning: sys_description_rom: Used altera_avalon_onchip_memory2 18.0 (instead of 14.0)
2018.06.09.13:51:30 Progress: Parameterizing module sys_description_rom
2018.06.09.13:51:30 Progress: Adding kernel_cra [altera_avalon_mm_bridge 14.0]
2018.06.09.13:51:30 Warning: kernel_cra: Used altera_avalon_mm_bridge 18.0 (instead of 14.0)
2018.06.09.13:51:30 Progress: Parameterizing module kernel_cra
2018.06.09.13:51:30 Progress: Adding address_span_extender_0 [altera_address_span_extender 1.2]
2018.06.09.13:51:30 Warning: address_span_extender_0: Used altera_address_span_extender 18.0 (instead of 1.2)
2018.06.09.13:51:30 Progress: Parameterizing module address_span_extender_0
2018.06.09.13:51:30 Info: address_span_extender_0: Upgrade from altera_address_span_extender v1.2. Removing parameter AUTO_CLOCK_CLOCK_RATE
2018.06.09.13:51:30 Info: address_span_extender_0: Upgrade from altera_address_span_extender v1.2. Removing parameter AUTO_DEVICE_FAMILY
2018.06.09.13:51:30 Info: address_span_extender_0: Upgrade from altera_address_span_extender v1.2 TERMINATE_SLAVE_PORT(false) -> ENABLE_SLAVE_PORT(true).
2018.06.09.13:51:30 Progress: Adding sw_reset [sw_reset 10.0]
2018.06.09.13:51:30 Progress: Parameterizing module sw_reset
2018.06.09.13:51:30 Progress: Adding kernel_cntrl [altera_avalon_mm_bridge 14.0]
2018.06.09.13:51:30 Warning: kernel_cntrl: Used altera_avalon_mm_bridge 18.0 (instead of 14.0)
2018.06.09.13:51:30 Progress: Parameterizing module kernel_cntrl
2018.06.09.13:51:30 Progress: Adding mem_org_mode [mem_org_mode 10.0]
2018.06.09.13:51:30 Progress: Parameterizing module mem_org_mode
2018.06.09.13:51:30 Progress: Adding clk_reset [clock_source 14.0]
2018.06.09.13:51:30 Warning: clk_reset: Used clock_source 18.0 (instead of 14.0)
2018.06.09.13:51:30 Progress: Parameterizing module clk_reset
2018.06.09.13:51:30 Progress: Adding irq_bridge_0 [altera_irq_bridge 14.0]
2018.06.09.13:51:30 Warning: irq_bridge_0: Used altera_irq_bridge 18.0 (instead of 14.0)
2018.06.09.13:51:30 Progress: Parameterizing module irq_bridge_0
2018.06.09.13:51:30 Progress: Adding sw_reset_in [altera_reset_bridge 14.0]
2018.06.09.13:51:30 Warning: sw_reset_in: Used altera_reset_bridge 18.0 (instead of 14.0)
2018.06.09.13:51:30 Progress: Parameterizing module sw_reset_in
2018.06.09.13:51:30 Progress: Adding version_id_0 [version_id 10.0]
2018.06.09.13:51:30 Progress: Parameterizing module version_id_0
2018.06.09.13:51:30 Progress: Adding reset_controller_sw [altera_reset_controller 14.0]
2018.06.09.13:51:30 Warning: reset_controller_sw: Used altera_reset_controller 18.0 (instead of 14.0)
2018.06.09.13:51:30 Progress: Parameterizing module reset_controller_sw
2018.06.09.13:51:30 Progress: Adding kernel_clk [altera_clock_bridge 14.0]
2018.06.09.13:51:30 Warning: kernel_clk: Used altera_clock_bridge 18.0 (instead of 14.0)
2018.06.09.13:51:30 Progress: Parameterizing module kernel_clk
2018.06.09.13:51:30 Progress: Adding reset_bridge_0 [altera_reset_bridge 14.0]
2018.06.09.13:51:30 Warning: reset_bridge_0: Used altera_reset_bridge 18.0 (instead of 14.0)
2018.06.09.13:51:30 Progress: Parameterizing module reset_bridge_0
2018.06.09.13:51:30 Progress: Adding reset_bridge_1 [altera_reset_bridge 14.0]
2018.06.09.13:51:30 Warning: reset_bridge_1: Used altera_reset_bridge 18.0 (instead of 14.0)
2018.06.09.13:51:30 Progress: Parameterizing module reset_bridge_1
2018.06.09.13:51:30 Progress: Adding irq_ena_0 [acl_irq_ena 13.0]
2018.06.09.13:51:32 Progress: Parameterizing module irq_ena_0
2018.06.09.13:51:32 Progress: Building connections
2018.06.09.13:51:32 Progress: Parameterizing connections
2018.06.09.13:51:32 Progress: Validating
2018.06.09.13:51:32 Progress: Done reading input file
2018.06.09.13:51:32 Progress: Parameterizing module acl_kernel_interface
2018.06.09.13:51:32 Progress: Adding pll [altera_pll 14.1]
2018.06.09.13:51:32 Warning: pll: Used altera_pll 18.0 (instead of 14.1)
2018.06.09.13:51:32 Progress: Parameterizing module pll
2018.06.09.13:51:32 Progress: Adding address_span_extender_kernel [altera_address_span_extender 14.1]
2018.06.09.13:51:32 Warning: address_span_extender_kernel: Used altera_address_span_extender 18.0 (instead of 14.1)
2018.06.09.13:51:32 Progress: Parameterizing module address_span_extender_kernel
2018.06.09.13:51:32 Info: address_span_extender_kernel: Upgrade from altera_address_span_extender v14.1. Removing parameter AUTO_CLOCK_CLOCK_RATE
2018.06.09.13:51:32 Info: address_span_extender_kernel: Upgrade from altera_address_span_extender v14.1. Removing parameter AUTO_DEVICE_FAMILY
2018.06.09.13:51:32 Info: address_span_extender_kernel: Upgrade from altera_address_span_extender v14.1 TERMINATE_SLAVE_PORT(true) -> ENABLE_SLAVE_PORT(false).
2018.06.09.13:51:32 Progress: Adding pipe_stage_host_ctrl [altera_avalon_mm_bridge 14.1]
2018.06.09.13:51:32 Warning: pipe_stage_host_ctrl: Used altera_avalon_mm_bridge 18.0 (instead of 14.1)
2018.06.09.13:51:32 Progress: Parameterizing module pipe_stage_host_ctrl
2018.06.09.13:51:32 Progress: Building connections
2018.06.09.13:51:32 Progress: Parameterizing connections
2018.06.09.13:51:32 Progress: Validating
2018.06.09.13:51:42 Progress: Done reading input file
2018.06.09.13:51:45 Progress: Parameterizing module acl_iface
2018.06.09.13:51:45 Progress: Adding avs_hello_cra_cra_ring [cra_ring_node 1.0]
2018.06.09.13:51:45 Progress: Parameterizing module avs_hello_cra_cra_ring
2018.06.09.13:51:45 Progress: Adding cra_root [cra_ring_root 1.0]
2018.06.09.13:51:45 Progress: Parameterizing module cra_root
2018.06.09.13:51:45 Progress: Adding ext_clk_50 [clock_source 18.0]
2018.06.09.13:51:45 Progress: Parameterizing module ext_clk_50
2018.06.09.13:51:45 Progress: Adding hello_system [hello_system 14.0]
2018.06.09.13:51:45 Progress: Parameterizing module hello_system
2018.06.09.13:51:45 Progress: Building connections
2018.06.09.13:51:45 Progress: Parameterizing connections
2018.06.09.13:51:45 Progress: Validating
2018.06.09.13:51:47 Progress: Done reading input file
2018.06.09.13:51:52 Warning: system.acl_iface.acl_kernel_clk.kernel_clk: The input clock frequency must be known or set by the parent if this is a subsystem.
2018.06.09.13:51:52 Info: system.acl_iface.acl_kernel_clk.kernel_pll: The legal reference clock frequency is 50.0 MHz..650.0 MHz
2018.06.09.13:51:52 Info: system.acl_iface.acl_kernel_clk.kernel_pll: Able to implement PLL with user settings
2018.06.09.13:51:52 Warning: system.acl_iface.acl_kernel_clk.kernel_pll: kernel_pll.reconfig_to_pll must be exported, or connected to a matching conduit.
2018.06.09.13:51:52 Warning: system.acl_iface.acl_kernel_clk.kernel_pll: kernel_pll.reconfig_from_pll must be exported, or connected to a matching conduit.
2018.06.09.13:51:52 Info: system.acl_iface.hps: HPS Main PLL counter settings: n = 0  m = 63
2018.06.09.13:51:52 Info: system.acl_iface.hps: HPS peripherial PLL counter settings: n = 0  m = 39
2018.06.09.13:51:52 Info: system.acl_iface.hps: ECC will be enabled in the preloader because an interface width of 24 or 40 has been chosen.
2018.06.09.13:51:52 Info: system.acl_iface.pll: The legal reference clock frequency is 5.0 MHz..650.0 MHz
2018.06.09.13:51:52 Info: system.acl_iface.pll: Able to implement PLL with user settings
2018.06.09.13:51:52 Warning: system.acl_iface.acl_kernel_clk.kernel_clk/kernel_clk.clk_in: kernel_clk.clk_in requires 50000000Hz, but source has frequency of 0Hz
2018.06.09.13:51:52 Warning: system.acl_iface.acl_kernel_interface: acl_kernel_interface.acl_bsp_memorg_host0x018 must be exported, or connected to a matching conduit.
2018.06.09.13:51:52 Warning: system.acl_iface.acl_kernel_clk: acl_kernel_clk.ctrl must be connected to an Avalon-MM master
2018.06.09.13:51:52 Warning: system.acl_iface: acl_iface.acl_kernel_clk_kernel_pll_locked must be exported, or connected to a matching conduit.
2018.06.09.13:51:52 Warning: system.acl_iface: acl_iface.acl_internal_memorg_kernel must be exported, or connected to a matching conduit.
2018.06.09.13:51:52 Info: system: Generating system "system" for QUARTUS_SYNTH
2018.06.09.13:51:58 Info: Interconnect is inserted between master hello_system.avm_mem_gmem0_port_0_0_rw and slave acl_iface.kernel_mem0 because the master has address signal 30 bit wide, but the slave is 25 bit wide.
2018.06.09.13:51:58 Info: Interconnect is inserted between master acl_iface.kernel_cra and slave cra_root.cra_slave because the master has burstcount signal 1 bit wide, but the slave is 0 bit wide.
2018.06.09.13:51:58 Info: Interconnect is inserted between master acl_iface.kernel_cra and slave cra_root.cra_slave because the master has address signal 30 bit wide, but the slave is 4 bit wide.
2018.06.09.13:51:58 Info: Interconnect is inserted between master acl_iface.kernel_cra and slave cra_root.cra_slave because the master has debugaccess signal 1 bit wide, but the slave is 0 bit wide.
2018.06.09.13:52:06 Info: Interconnect is inserted between master clock_cross_kernel_mem1.m0 and slave address_span_extender_kernel.windowed_slave because the master has debugaccess signal 1 bit wide, but the slave is 0 bit wide.
2018.06.09.13:52:06 Info: Interconnect is inserted between master address_span_extender_kernel.expanded_master and slave hps.f2h_sdram0_data because the master has address signal 32 bit wide, but the slave is 27 bit wide.
2018.06.09.13:52:06 Info: Interconnect is inserted between master address_span_extender_kernel.expanded_master and slave hps.f2h_sdram0_data because the master has burstcount signal 5 bit wide, but the slave is 8 bit wide.
2018.06.09.13:52:09 Info: Interconnect is inserted between master hps.h2f_lw_axi_master and slave pipe_stage_host_ctrl.s0 because the master is of type axi and the slave is of type avalon.
2018.06.09.13:52:09 Warning: hps.f2h_irq0: Cannot connect clock for irq_mapper.sender
2018.06.09.13:52:09 Warning: hps.f2h_irq0: Cannot connect reset for irq_mapper.sender
2018.06.09.13:52:09 Warning: hps.f2h_irq1: Cannot connect clock for irq_mapper_001.sender
2018.06.09.13:52:09 Warning: hps.f2h_irq1: Cannot connect reset for irq_mapper_001.sender
2018.06.09.13:52:13 Info: acl_iface: "system" instantiated acl_iface_system "acl_iface"
2018.06.09.13:52:13 Info: avs_hello_cra_cra_ring: "system" instantiated cra_ring_node "avs_hello_cra_cra_ring"
2018.06.09.13:52:13 Info: cra_root: "system" instantiated cra_ring_root "cra_root"
2018.06.09.13:52:14 Info: hello_system: "system" instantiated hello_system "hello_system"
2018.06.09.13:52:14 Info: mm_interconnect_0: "system" instantiated altera_mm_interconnect "mm_interconnect_0"
2018.06.09.13:52:14 Info: mm_interconnect_2: "system" instantiated altera_mm_interconnect "mm_interconnect_2"
2018.06.09.13:52:14 Info: irq_mapper: "system" instantiated altera_irq_mapper "irq_mapper"
2018.06.09.13:52:14 Info: rst_controller: "system" instantiated altera_reset_controller "rst_controller"
2018.06.09.13:52:14 Info: Inserting clock-crossing logic between cmd_demux.src1 and cmd_mux_001.sink0
2018.06.09.13:52:14 Info: Inserting clock-crossing logic between rsp_demux_001.src0 and rsp_mux.sink1
2018.06.09.13:52:16 Info: acl_kernel_clk: "acl_iface" instantiated acl_kernel_clk_noreconfig "acl_kernel_clk"
2018.06.09.13:52:16 Info: clock_cross_kernel_mem1: "acl_iface" instantiated altera_avalon_mm_clock_crossing_bridge "clock_cross_kernel_mem1"
2018.06.09.13:52:16 Info: version_id: "acl_iface" instantiated version_id "version_id"
2018.06.09.13:52:16 Info: hps: "Running  for module: hps"
2018.06.09.13:52:16 Info: hps: HPS Main PLL counter settings: n = 0  m = 63
2018.06.09.13:52:17 Info: hps: HPS peripherial PLL counter settings: n = 0  m = 39
2018.06.09.13:52:17 Info: hps: ECC will be enabled in the preloader because an interface width of 24 or 40 has been chosen.
2018.06.09.13:52:18 Info: hps: "acl_iface" instantiated altera_hps "hps"
2018.06.09.13:52:18 Info: Interconnect is inserted between master address_span_extender_0.expanded_master and slave kernel_cra.s0 because the master has readdata signal 32 bit wide, but the slave is 64 bit wide.
2018.06.09.13:52:18 Info: Interconnect is inserted between master address_span_extender_0.expanded_master and slave kernel_cra.s0 because the master has writedata signal 32 bit wide, but the slave is 64 bit wide.
2018.06.09.13:52:18 Info: Interconnect is inserted between master address_span_extender_0.expanded_master and slave kernel_cra.s0 because the master has byteenable signal 4 bit wide, but the slave is 8 bit wide.
2018.06.09.13:52:18 Info: Inserting clock-crossing logic between cmd_demux.src0 and cmd_mux.sink0
2018.06.09.13:52:18 Info: Inserting clock-crossing logic between cmd_demux.src1 and cmd_mux_001.sink0
2018.06.09.13:52:18 Info: Inserting clock-crossing logic between rsp_demux.src0 and rsp_mux.sink0
2018.06.09.13:52:18 Info: Inserting clock-crossing logic between rsp_demux_001.src0 and rsp_mux.sink1
2018.06.09.13:52:19 Warning: irq_ena_0.my_irq_in: Cannot connect clock for irq_mapper.sender
2018.06.09.13:52:19 Warning: irq_ena_0.my_irq_in: Cannot connect reset for irq_mapper.sender
2018.06.09.13:52:20 Info: acl_kernel_interface: "acl_iface" instantiated acl_kernel_interface_soc "acl_kernel_interface"
2018.06.09.13:52:20 Info: pll: "acl_iface" instantiated altera_pll "pll"
2018.06.09.13:52:20 Info: address_span_extender_kernel: "acl_iface" instantiated altera_address_span_extender "address_span_extender_kernel"
2018.06.09.13:52:20 Info: pipe_stage_host_ctrl: "acl_iface" instantiated altera_avalon_mm_bridge "pipe_stage_host_ctrl"
2018.06.09.13:52:20 Info: mm_interconnect_0: "acl_iface" instantiated altera_mm_interconnect "mm_interconnect_0"
2018.06.09.13:52:20 Info: avalon_st_adapter: Inserting error_adapter: error_adapter_0
2018.06.09.13:52:20 Info: mm_interconnect_1: "acl_iface" instantiated altera_mm_interconnect "mm_interconnect_1"
2018.06.09.13:52:20 Info: avalon_st_adapter: Inserting error_adapter: error_adapter_0
2018.06.09.13:52:20 Info: avalon_st_adapter_001: Inserting error_adapter: error_adapter_0
2018.06.09.13:52:21 Info: mm_interconnect_2: "acl_iface" instantiated altera_mm_interconnect "mm_interconnect_2"
2018.06.09.13:52:21 Info: avalon_st_adapter: Inserting error_adapter: error_adapter_0
2018.06.09.13:52:21 Info: mm_interconnect_3: "acl_iface" instantiated altera_mm_interconnect "mm_interconnect_3"
2018.06.09.13:52:21 Info: irq_mapper: "acl_iface" instantiated altera_irq_mapper "irq_mapper"
2018.06.09.13:52:21 Info: irq_mapper_001: "acl_iface" instantiated altera_irq_mapper "irq_mapper_001"
2018.06.09.13:52:21 Info: hello_system_avm_mem_gmem0_port_0_0_rw_translator: "mm_interconnect_0" instantiated altera_merlin_master_translator "hello_system_avm_mem_gmem0_port_0_0_rw_translator"
2018.06.09.13:52:21 Info: acl_iface_kernel_mem0_translator: "mm_interconnect_0" instantiated altera_merlin_slave_translator "acl_iface_kernel_mem0_translator"
2018.06.09.13:52:21 Info: kernel_pll: "acl_kernel_clk" instantiated altera_pll "kernel_pll"
2018.06.09.13:52:21 Info: counter: "acl_kernel_clk" instantiated acl_timer "counter"
2018.06.09.13:52:21 Info: global_routing_kernel_clk: "acl_kernel_clk" instantiated global_routing_clk "global_routing_kernel_clk"
2018.06.09.13:52:21 Info: pll_sw_reset: "acl_kernel_clk" instantiated sw_reset "pll_sw_reset"
2018.06.09.13:52:21 Info: pll_lock_avs_0: "acl_kernel_clk" instantiated pll_lock_avs "pll_lock_avs_0"
2018.06.09.13:52:21 Info: pll_rom: Starting RTL generation for module 'system_acl_iface_acl_kernel_clk_pll_rom'
2018.06.09.13:52:21 Info: pll_rom:   Generation command is [exec /opt/intelFPGA/18.0/quartus/linux64/perl/bin/perl -I /opt/intelFPGA/18.0/quartus/linux64/perl/lib -I /opt/intelFPGA/18.0/quartus/sopc_builder/bin/europa -I /opt/intelFPGA/18.0/quartus/sopc_builder/bin/perl_lib -I /opt/intelFPGA/18.0/quartus/sopc_builder/bin -I /opt/intelFPGA/18.0/quartus/../ip/altera/sopc_builder_ip/common -I /opt/intelFPGA/18.0/quartus/../ip/altera/sopc_builder_ip/altera_avalon_onchip_memory2 -- /opt/intelFPGA/18.0/quartus/../ip/altera/sopc_builder_ip/altera_avalon_onchip_memory2/generate_rtl.pl --name=system_acl_iface_acl_kernel_clk_pll_rom --dir=/tmp/alt7691_1324698352594282547.dir/0017_pll_rom_gen/ --quartus_dir=/opt/intelFPGA/18.0/quartus --verilog --config=/tmp/alt7691_1324698352594282547.dir/0017_pll_rom_gen//system_acl_iface_acl_kernel_clk_pll_rom_component_configuration.pl  --do_build_sim=0  ]
2018.06.09.13:52:21 Info: pll_rom: Done RTL generation for module 'system_acl_iface_acl_kernel_clk_pll_rom'
2018.06.09.13:52:21 Info: pll_rom: "acl_kernel_clk" instantiated altera_avalon_onchip_memory2 "pll_rom"
2018.06.09.13:52:22 Info: avalon_st_adapter: Inserting error_adapter: error_adapter_0
2018.06.09.13:52:22 Info: avalon_st_adapter_001: Inserting error_adapter: error_adapter_0
2018.06.09.13:52:22 Info: avalon_st_adapter_002: Inserting error_adapter: error_adapter_0
2018.06.09.13:52:22 Info: avalon_st_adapter_003: Inserting error_adapter: error_adapter_0
2018.06.09.13:52:22 Info: avalon_st_adapter_004: Inserting error_adapter: error_adapter_0
2018.06.09.13:52:22 Info: mm_interconnect_0: "acl_kernel_clk" instantiated altera_mm_interconnect "mm_interconnect_0"
2018.06.09.13:52:22 Info: fpga_interfaces: "hps" instantiated altera_interface_generator "fpga_interfaces"
2018.06.09.13:52:22 Info: hps_io: "hps" instantiated altera_hps_io "hps_io"
2018.06.09.13:52:22 Info: sys_description_rom: Starting RTL generation for module 'system_acl_iface_acl_kernel_interface_sys_description_rom'
2018.06.09.13:52:22 Info: sys_description_rom:   Generation command is [exec /opt/intelFPGA/18.0/quartus/linux64/perl/bin/perl -I /opt/intelFPGA/18.0/quartus/linux64/perl/lib -I /opt/intelFPGA/18.0/quartus/sopc_builder/bin/europa -I /opt/intelFPGA/18.0/quartus/sopc_builder/bin/perl_lib -I /opt/intelFPGA/18.0/quartus/sopc_builder/bin -I /opt/intelFPGA/18.0/quartus/../ip/altera/sopc_builder_ip/common -I /opt/intelFPGA/18.0/quartus/../ip/altera/sopc_builder_ip/altera_avalon_onchip_memory2 -- /opt/intelFPGA/18.0/quartus/../ip/altera/sopc_builder_ip/altera_avalon_onchip_memory2/generate_rtl.pl --name=system_acl_iface_acl_kernel_interface_sys_description_rom --dir=/tmp/alt7691_1324698352594282547.dir/0019_sys_description_rom_gen/ --quartus_dir=/opt/intelFPGA/18.0/quartus --verilog --config=/tmp/alt7691_1324698352594282547.dir/0019_sys_description_rom_gen//system_acl_iface_acl_kernel_interface_sys_description_rom_component_configuration.pl  --do_build_sim=0  ]
2018.06.09.13:52:23 Info: sys_description_rom: Done RTL generation for module 'system_acl_iface_acl_kernel_interface_sys_description_rom'
2018.06.09.13:52:23 Info: sys_description_rom: "acl_kernel_interface" instantiated altera_avalon_onchip_memory2 "sys_description_rom"
2018.06.09.13:52:23 Info: mem_org_mode: "acl_kernel_interface" instantiated mem_org_mode "mem_org_mode"
2018.06.09.13:52:23 Info: irq_bridge_0: "acl_kernel_interface" instantiated altera_irq_bridge "irq_bridge_0"
2018.06.09.13:52:23 Info: irq_ena_0: "acl_kernel_interface" instantiated acl_irq_ena "irq_ena_0"
2018.06.09.13:52:23 Info: avalon_st_adapter: Inserting error_adapter: error_adapter_0
2018.06.09.13:52:23 Info: mm_interconnect_0: "acl_kernel_interface" instantiated altera_mm_interconnect "mm_interconnect_0"
2018.06.09.13:52:23 Info: avalon_st_adapter: Inserting error_adapter: error_adapter_0
2018.06.09.13:52:23 Info: avalon_st_adapter_001: Inserting error_adapter: error_adapter_0
2018.06.09.13:52:23 Info: avalon_st_adapter_002: Inserting error_adapter: error_adapter_0
2018.06.09.13:52:23 Info: avalon_st_adapter_003: Inserting error_adapter: error_adapter_0
2018.06.09.13:52:23 Info: avalon_st_adapter_004: Inserting error_adapter: error_adapter_0
2018.06.09.13:52:24 Info: avalon_st_adapter_005: Inserting error_adapter: error_adapter_0
2018.06.09.13:52:24 Info: avalon_st_adapter_006: Inserting error_adapter: error_adapter_0
2018.06.09.13:52:24 Info: mm_interconnect_1: "acl_kernel_interface" instantiated altera_mm_interconnect "mm_interconnect_1"
2018.06.09.13:52:24 Info: address_span_extender_kernel_expanded_master_agent: "mm_interconnect_1" instantiated altera_merlin_master_agent "address_span_extender_kernel_expanded_master_agent"
2018.06.09.13:52:24 Info: hps_f2h_sdram0_data_agent: "mm_interconnect_1" instantiated altera_merlin_slave_agent "hps_f2h_sdram0_data_agent"
2018.06.09.13:52:24 Info: hps_f2h_sdram0_data_agent_rsp_fifo: "mm_interconnect_1" instantiated altera_avalon_sc_fifo "hps_f2h_sdram0_data_agent_rsp_fifo"
2018.06.09.13:52:24 Info: router: "mm_interconnect_1" instantiated altera_merlin_router "router"
2018.06.09.13:52:24 Info: router_001: "mm_interconnect_1" instantiated altera_merlin_router "router_001"
2018.06.09.13:52:24 Info: cmd_demux: "mm_interconnect_1" instantiated altera_merlin_demultiplexer "cmd_demux"
2018.06.09.13:52:24 Info: cmd_mux: "mm_interconnect_1" instantiated altera_merlin_multiplexer "cmd_mux"
2018.06.09.13:52:24 Info: rsp_mux: "mm_interconnect_1" instantiated altera_merlin_multiplexer "rsp_mux"
2018.06.09.13:52:24 Info: Reusing file /home/ogura/OpenCL-samples/hello-world-from-kernel/hello/system/synthesis/submodules/altera_merlin_arbitrator.sv
2018.06.09.13:52:24 Info: avalon_st_adapter: "mm_interconnect_1" instantiated altera_avalon_st_adapter "avalon_st_adapter"
2018.06.09.13:52:24 Info: router: "mm_interconnect_2" instantiated altera_merlin_router "router"
2018.06.09.13:52:24 Info: router_001: "mm_interconnect_2" instantiated altera_merlin_router "router_001"
2018.06.09.13:52:24 Info: pipe_stage_host_ctrl_m0_limiter: "mm_interconnect_2" instantiated altera_merlin_traffic_limiter "pipe_stage_host_ctrl_m0_limiter"
2018.06.09.13:52:24 Info: Reusing file /home/ogura/OpenCL-samples/hello-world-from-kernel/hello/system/synthesis/submodules/altera_avalon_sc_fifo.v
2018.06.09.13:52:24 Info: cmd_demux: "mm_interconnect_2" instantiated altera_merlin_demultiplexer "cmd_demux"
2018.06.09.13:52:24 Info: cmd_mux: "mm_interconnect_2" instantiated altera_merlin_multiplexer "cmd_mux"
2018.06.09.13:52:24 Info: Reusing file /home/ogura/OpenCL-samples/hello-world-from-kernel/hello/system/synthesis/submodules/altera_merlin_arbitrator.sv
2018.06.09.13:52:24 Info: rsp_demux: "mm_interconnect_2" instantiated altera_merlin_demultiplexer "rsp_demux"
2018.06.09.13:52:24 Info: rsp_mux: "mm_interconnect_2" instantiated altera_merlin_multiplexer "rsp_mux"
2018.06.09.13:52:24 Info: Reusing file /home/ogura/OpenCL-samples/hello-world-from-kernel/hello/system/synthesis/submodules/altera_merlin_arbitrator.sv
2018.06.09.13:52:24 Info: avalon_st_adapter: "mm_interconnect_2" instantiated altera_avalon_st_adapter "avalon_st_adapter"
2018.06.09.13:52:24 Info: hps_h2f_lw_axi_master_agent: "mm_interconnect_3" instantiated altera_merlin_axi_master_ni "hps_h2f_lw_axi_master_agent"
2018.06.09.13:52:24 Info: router: "mm_interconnect_3" instantiated altera_merlin_router "router"
2018.06.09.13:52:24 Info: router_002: "mm_interconnect_3" instantiated altera_merlin_router "router_002"
2018.06.09.13:52:24 Info: pipe_stage_host_ctrl_s0_burst_adapter: "mm_interconnect_3" instantiated altera_merlin_burst_adapter "pipe_stage_host_ctrl_s0_burst_adapter"
2018.06.09.13:52:24 Info: Reusing file /home/ogura/OpenCL-samples/hello-world-from-kernel/hello/system/synthesis/submodules/altera_merlin_address_alignment.sv
2018.06.09.13:52:24 Info: Reusing file /home/ogura/OpenCL-samples/hello-world-from-kernel/hello/system/synthesis/submodules/altera_avalon_st_pipeline_base.v
2018.06.09.13:52:24 Info: cmd_demux: "mm_interconnect_3" instantiated altera_merlin_demultiplexer "cmd_demux"
2018.06.09.13:52:24 Info: cmd_mux: "mm_interconnect_3" instantiated altera_merlin_multiplexer "cmd_mux"
2018.06.09.13:52:24 Info: Reusing file /home/ogura/OpenCL-samples/hello-world-from-kernel/hello/system/synthesis/submodules/altera_merlin_arbitrator.sv
2018.06.09.13:52:24 Info: rsp_demux: "mm_interconnect_3" instantiated altera_merlin_demultiplexer "rsp_demux"
2018.06.09.13:52:24 Info: rsp_mux: "mm_interconnect_3" instantiated altera_merlin_multiplexer "rsp_mux"
2018.06.09.13:52:24 Info: Reusing file /home/ogura/OpenCL-samples/hello-world-from-kernel/hello/system/synthesis/submodules/altera_merlin_arbitrator.sv
2018.06.09.13:52:24 Info: router: "mm_interconnect_0" instantiated altera_merlin_router "router"
2018.06.09.13:52:24 Info: router_001: "mm_interconnect_0" instantiated altera_merlin_router "router_001"
2018.06.09.13:52:24 Info: cmd_demux: "mm_interconnect_0" instantiated altera_merlin_demultiplexer "cmd_demux"
2018.06.09.13:52:24 Info: cmd_mux: "mm_interconnect_0" instantiated altera_merlin_multiplexer "cmd_mux"
2018.06.09.13:52:24 Info: Reusing file /home/ogura/OpenCL-samples/hello-world-from-kernel/hello/system/synthesis/submodules/altera_merlin_arbitrator.sv
2018.06.09.13:52:24 Info: rsp_demux: "mm_interconnect_0" instantiated altera_merlin_demultiplexer "rsp_demux"
2018.06.09.13:52:24 Info: rsp_demux_001: "mm_interconnect_0" instantiated altera_merlin_demultiplexer "rsp_demux_001"
2018.06.09.13:52:24 Info: rsp_mux: "mm_interconnect_0" instantiated altera_merlin_multiplexer "rsp_mux"
2018.06.09.13:52:24 Info: Reusing file /home/ogura/OpenCL-samples/hello-world-from-kernel/hello/system/synthesis/submodules/altera_merlin_arbitrator.sv
2018.06.09.13:52:24 Info: async_fifo: "mm_interconnect_0" instantiated altera_avalon_dc_fifo "async_fifo"
2018.06.09.13:52:24 Info: Reusing file /home/ogura/OpenCL-samples/hello-world-from-kernel/hello/system/synthesis/submodules/altera_avalon_dc_fifo.v
2018.06.09.13:52:24 Info: Reusing file /home/ogura/OpenCL-samples/hello-world-from-kernel/hello/system/synthesis/submodules/altera_dcfifo_synchronizer_bundle.v
2018.06.09.13:52:24 Info: Reusing file /home/ogura/OpenCL-samples/hello-world-from-kernel/hello/system/synthesis/submodules/altera_std_synchronizer_nocut.v
2018.06.09.13:52:24 Info: Reusing file /home/ogura/OpenCL-samples/hello-world-from-kernel/hello/system/synthesis/submodules/altera_avalon_dc_fifo.sdc
2018.06.09.13:52:58 Info: border: "hps_io" instantiated altera_interface_generator "border"
2018.06.09.13:52:58 Info: router: "mm_interconnect_0" instantiated altera_merlin_router "router"
2018.06.09.13:52:58 Info: router_001: "mm_interconnect_0" instantiated altera_merlin_router "router_001"
2018.06.09.13:52:58 Info: cmd_demux: "mm_interconnect_0" instantiated altera_merlin_demultiplexer "cmd_demux"
2018.06.09.13:52:58 Info: cmd_mux: "mm_interconnect_0" instantiated altera_merlin_multiplexer "cmd_mux"
2018.06.09.13:52:58 Info: Reusing file /home/ogura/OpenCL-samples/hello-world-from-kernel/hello/system/synthesis/submodules/altera_merlin_arbitrator.sv
2018.06.09.13:52:58 Info: rsp_mux: "mm_interconnect_0" instantiated altera_merlin_multiplexer "rsp_mux"
2018.06.09.13:52:58 Info: Reusing file /home/ogura/OpenCL-samples/hello-world-from-kernel/hello/system/synthesis/submodules/altera_merlin_arbitrator.sv
2018.06.09.13:52:58 Info: kernel_cra_s0_cmd_width_adapter: "mm_interconnect_0" instantiated altera_merlin_width_adapter "kernel_cra_s0_cmd_width_adapter"
2018.06.09.13:52:58 Info: Reusing file /home/ogura/OpenCL-samples/hello-world-from-kernel/hello/system/synthesis/submodules/altera_merlin_address_alignment.sv
2018.06.09.13:52:58 Info: Reusing file /home/ogura/OpenCL-samples/hello-world-from-kernel/hello/system/synthesis/submodules/altera_merlin_burst_uncompressor.sv
2018.06.09.13:52:58 Info: avalon_st_adapter: "mm_interconnect_0" instantiated altera_avalon_st_adapter "avalon_st_adapter"
2018.06.09.13:52:58 Info: router: "mm_interconnect_1" instantiated altera_merlin_router "router"
2018.06.09.13:52:58 Info: router_001: "mm_interconnect_1" instantiated altera_merlin_router "router_001"
2018.06.09.13:52:58 Info: router_002: "mm_interconnect_1" instantiated altera_merlin_router "router_002"
2018.06.09.13:52:58 Info: cmd_demux: "mm_interconnect_1" instantiated altera_merlin_demultiplexer "cmd_demux"
2018.06.09.13:52:58 Info: cmd_mux: "mm_interconnect_1" instantiated altera_merlin_multiplexer "cmd_mux"
2018.06.09.13:52:58 Info: Reusing file /home/ogura/OpenCL-samples/hello-world-from-kernel/hello/system/synthesis/submodules/altera_merlin_arbitrator.sv
2018.06.09.13:52:58 Info: rsp_demux: "mm_interconnect_1" instantiated altera_merlin_demultiplexer "rsp_demux"
2018.06.09.13:52:58 Info: rsp_demux_002: "mm_interconnect_1" instantiated altera_merlin_demultiplexer "rsp_demux_002"
2018.06.09.13:52:58 Info: rsp_mux: "mm_interconnect_1" instantiated altera_merlin_multiplexer "rsp_mux"
2018.06.09.13:52:58 Info: Reusing file /home/ogura/OpenCL-samples/hello-world-from-kernel/hello/system/synthesis/submodules/altera_merlin_arbitrator.sv
2018.06.09.13:52:58 Info: crosser: "mm_interconnect_1" instantiated altera_avalon_st_handshake_clock_crosser "crosser"
2018.06.09.13:52:58 Info: Reusing file /home/ogura/OpenCL-samples/hello-world-from-kernel/hello/system/synthesis/submodules/altera_avalon_st_pipeline_base.v
2018.06.09.13:52:58 Info: Reusing file /home/ogura/OpenCL-samples/hello-world-from-kernel/hello/system/synthesis/submodules/altera_std_synchronizer_nocut.v
2018.06.09.13:52:58 Info: error_adapter_0: "avalon_st_adapter" instantiated error_adapter "error_adapter_0"
2018.06.09.13:52:58 Info: error_adapter_0: "avalon_st_adapter" instantiated error_adapter "error_adapter_0"
2018.06.09.13:52:58 Info: error_adapter_0: "avalon_st_adapter" instantiated error_adapter "error_adapter_0"
2018.06.09.13:52:58 Info: system: Done "system" with 93 modules, 236 files
